#
# There is insufficient memory for the Java Runtime Environment to continue.
# Native memory allocation (malloc) failed to allocate 2199488 bytes for Chunk::new
# Possible reasons:
#   The system is out of physical RAM or swap space
#   The process is running with CompressedOops enabled, and the Java Heap may be blocking the growth of the native heap
# Possible solutions:
#   Reduce memory load on the system
#   Increase physical memory or swap space
#   Check if swap backing store is full
#   Decrease Java heap size (-Xmx/-Xms)
#   Decrease number of Java threads
#   Decrease Java thread stack sizes (-Xss)
#   Set larger code cache with -XX:ReservedCodeCacheSize=
#   JVM is running with Unscaled Compressed Oops mode in which the Java heap is
#     placed in the first 4GB address space. The Java Heap base address is the
#     maximum limit for the native heap growth. Please use -XX:HeapBaseMinAddress
#     to set the Java Heap base and to place the Java Heap above 4GB virtual address.
# This output file may be truncated or incomplete.
#
#  Out of Memory Error (arena.cpp:191), pid=18268, tid=39388
#
# JRE version: OpenJDK Runtime Environment Corretto-17.0.9.8.1 (17.0.9+8) (build 17.0.9+8-LTS)
# Java VM: OpenJDK 64-Bit Server VM Corretto-17.0.9.8.1 (17.0.9+8-LTS, mixed mode, sharing, tiered, compressed oops, compressed class ptrs, g1 gc, windows-amd64)
# No core dump will be written. Minidumps are not enabled by default on client versions of Windows
#

---------------  S U M M A R Y ------------

Command Line: --add-opens=java.base/java.util=ALL-UNNAMED --add-opens=java.base/java.lang=ALL-UNNAMED --add-opens=java.base/java.lang.invoke=ALL-UNNAMED --add-opens=java.prefs/java.util.prefs=ALL-UNNAMED --add-opens=java.base/java.nio.charset=ALL-UNNAMED --add-opens=java.base/java.net=ALL-UNNAMED --add-opens=java.base/java.util.concurrent.atomic=ALL-UNNAMED -XX:MaxMetaspaceSize=384m -XX:+HeapDumpOnOutOfMemoryError -Xms256m -Xmx512m -Dfile.encoding=UTF-8 -Duser.country=KR -Duser.language=ko -Duser.variant -javaagent:C:\Users\WooHeeSeop\.gradle\wrapper\dists\gradle-8.3-bin\dxjbbhstwasg8cbags9q7cvli\gradle-8.3\lib\agents\gradle-instrumentation-agent-8.3.jar org.gradle.launcher.daemon.bootstrap.GradleDaemon 8.3

Host: 11th Gen Intel(R) Core(TM) i7-1165G7 @ 2.80GHz, 8 cores, 15G,  Windows 11 , 64 bit Build 22621 (10.0.22621.2428)
Time: Mon Nov 13 18:56:03 2023  Windows 11 , 64 bit Build 22621 (10.0.22621.2428) elapsed time: 8.636115 seconds (0d 0h 0m 8s)

---------------  T H R E A D  ---------------

Current thread (0x0000018f7f6f7e80):  JavaThread "C2 CompilerThread2" daemon [_thread_in_native, id=39388, stack(0x0000003817600000,0x0000003817700000)]


Current CompileTask:
C2:   8636 5239       4       java.lang.Class::annotationData (44 bytes)

Stack: [0x0000003817600000,0x0000003817700000]
Native frames: (J=compiled Java code, j=interpreted, Vv=VM code, C=native code)
V  [jvm.dll+0x67cb49]
V  [jvm.dll+0x8344da]
V  [jvm.dll+0x835f9e]
V  [jvm.dll+0x836603]
V  [jvm.dll+0x247b5f]
V  [jvm.dll+0xac43c]
V  [jvm.dll+0xaca8c]
V  [jvm.dll+0x366c87]
V  [jvm.dll+0x330fda]
V  [jvm.dll+0x33047a]
V  [jvm.dll+0x21a201]
V  [jvm.dll+0x219621]
V  [jvm.dll+0x1a56cd]
V  [jvm.dll+0x2293ee]
V  [jvm.dll+0x2275bc]
V  [jvm.dll+0x7e95a7]
V  [jvm.dll+0x7e396a]
V  [jvm.dll+0x67ba35]
C  [ucrtbase.dll+0x29363]
C  [KERNEL32.DLL+0x1257d]
C  [ntdll.dll+0x5aa78]


---------------  P R O C E S S  ---------------

Threads class SMR info:
_java_thread_list=0x0000018f1abef980, length=52, elements={
0x0000018f645d6290, 0x0000018f7f174f30, 0x0000018f7f175af0, 0x0000018f7f186df0,
0x0000018f7f1888d0, 0x0000018f7f18bbb0, 0x0000018f7f18e190, 0x0000018f7f190b50,
0x0000018f7f194710, 0x0000018f7f194d20, 0x0000018f7f296300, 0x0000018f7f324420,
0x0000018f19d7acf0, 0x0000018f1b453bd0, 0x0000018f1a1ad0c0, 0x0000018f1a8f3640,
0x0000018f7fd6b1c0, 0x0000018f19c69a80, 0x0000018f19f03210, 0x0000018f19c20a70,
0x0000018f19c223c0, 0x0000018f19c23800, 0x0000018f19c20560, 0x0000018f19c219a0,
0x0000018f19c228d0, 0x0000018f19c20050, 0x0000018f19c20f80, 0x0000018f19c21eb0,
0x0000018f19c21490, 0x0000018f19c22de0, 0x0000018f1a48c2e0, 0x0000018f1a48e140,
0x0000018f1a48e650, 0x0000018f1a48f580, 0x0000018f1a48bdd0, 0x0000018f1a492310,
0x0000018f1a48eb60, 0x0000018f1a4904b0, 0x0000018f1a48c7f0, 0x0000018f1a48cd00,
0x0000018f1a4913e0, 0x0000018f1a48d210, 0x0000018f1a48ffa0, 0x0000018f19c25d60,
0x0000018f1a492d30, 0x0000018f1a493240, 0x0000018f1a4909c0, 0x0000018f1a493750,
0x0000018f1a48f070, 0x0000018f1a48d720, 0x0000018f1a490ed0, 0x0000018f7f6f7e80
}

Java Threads: ( => current thread )
  0x0000018f645d6290 JavaThread "main" [_thread_blocked, id=15236, stack(0x0000003813300000,0x0000003813400000)]
  0x0000018f7f174f30 JavaThread "Reference Handler" daemon [_thread_blocked, id=34444, stack(0x0000003813a00000,0x0000003813b00000)]
  0x0000018f7f175af0 JavaThread "Finalizer" daemon [_thread_blocked, id=20376, stack(0x0000003813b00000,0x0000003813c00000)]
  0x0000018f7f186df0 JavaThread "Signal Dispatcher" daemon [_thread_blocked, id=39024, stack(0x0000003813c00000,0x0000003813d00000)]
  0x0000018f7f1888d0 JavaThread "Attach Listener" daemon [_thread_blocked, id=25844, stack(0x0000003813d00000,0x0000003813e00000)]
  0x0000018f7f18bbb0 JavaThread "Service Thread" daemon [_thread_blocked, id=6584, stack(0x0000003813e00000,0x0000003813f00000)]
  0x0000018f7f18e190 JavaThread "Monitor Deflation Thread" daemon [_thread_blocked, id=36676, stack(0x0000003813f00000,0x0000003814000000)]
  0x0000018f7f190b50 JavaThread "C2 CompilerThread0" daemon [_thread_in_native, id=39756, stack(0x0000003814000000,0x0000003814100000)]
  0x0000018f7f194710 JavaThread "C1 CompilerThread0" daemon [_thread_in_native, id=7452, stack(0x0000003814100000,0x0000003814200000)]
  0x0000018f7f194d20 JavaThread "Sweeper thread" daemon [_thread_blocked, id=30856, stack(0x0000003814200000,0x0000003814300000)]
  0x0000018f7f296300 JavaThread "Common-Cleaner" daemon [_thread_blocked, id=33488, stack(0x0000003814300000,0x0000003814400000)]
  0x0000018f7f324420 JavaThread "Notification Thread" daemon [_thread_blocked, id=11532, stack(0x0000003814400000,0x0000003814500000)]
  0x0000018f19d7acf0 JavaThread "Daemon health stats" [_thread_blocked, id=32780, stack(0x0000003814d00000,0x0000003814e00000)]
  0x0000018f1b453bd0 JavaThread "Incoming local TCP Connector on port 59364" [_thread_in_native, id=26476, stack(0x0000003814600000,0x0000003814700000)]
  0x0000018f1a1ad0c0 JavaThread "Daemon periodic checks" [_thread_blocked, id=10548, stack(0x0000003814c00000,0x0000003814d00000)]
  0x0000018f1a8f3640 JavaThread "Daemon" [_thread_blocked, id=9732, stack(0x0000003814f00000,0x0000003815000000)]
  0x0000018f7fd6b1c0 JavaThread "Handler for socket connection from /127.0.0.1:59364 to /127.0.0.1:59366" [_thread_in_native, id=27224, stack(0x0000003815000000,0x0000003815100000)]
  0x0000018f19c69a80 JavaThread "Cancel handler" [_thread_blocked, id=38636, stack(0x0000003815100000,0x0000003815200000)]
  0x0000018f19f03210 JavaThread "Daemon worker" [_thread_in_vm, id=16724, stack(0x0000003815200000,0x0000003815300000)]
  0x0000018f19c20a70 JavaThread "Asynchronous log dispatcher for DefaultDaemonConnection: socket connection from /127.0.0.1:59364 to /127.0.0.1:59366" [_thread_blocked, id=14256, stack(0x0000003815300000,0x0000003815400000)]
  0x0000018f19c223c0 JavaThread "Stdin handler" [_thread_blocked, id=14536, stack(0x0000003815400000,0x0000003815500000)]
  0x0000018f19c23800 JavaThread "Daemon client event forwarder" [_thread_blocked, id=38024, stack(0x0000003815500000,0x0000003815600000)]
  0x0000018f19c20560 JavaThread "Cache worker for journal cache (C:\Users\WooHeeSeop\.gradle\caches\journal-1)" [_thread_blocked, id=9900, stack(0x0000003815600000,0x0000003815700000)]
  0x0000018f19c219a0 JavaThread "File lock request listener" [_thread_in_native, id=29684, stack(0x0000003815700000,0x0000003815800000)]
  0x0000018f19c228d0 JavaThread "Cache worker for file hash cache (C:\Users\WooHeeSeop\.gradle\caches\8.3\fileHashes)" [_thread_blocked, id=8272, stack(0x0000003815800000,0x0000003815900000)]
  0x0000018f19c20050 JavaThread "File watcher server" daemon [_thread_in_native, id=18696, stack(0x0000003815a00000,0x0000003815b00000)]
  0x0000018f19c20f80 JavaThread "File watcher consumer" daemon [_thread_blocked, id=40520, stack(0x0000003815b00000,0x0000003815c00000)]
  0x0000018f19c21eb0 JavaThread "Cache worker for checksums cache (C:\Users\WooHeeSeop\Desktop\gitClone\.gradle\8.3\checksums)" [_thread_blocked, id=29688, stack(0x0000003815c00000,0x0000003815d00000)]
  0x0000018f19c21490 JavaThread "Cache worker for file hash cache (C:\Users\WooHeeSeop\Desktop\gitClone\.gradle\8.3\fileHashes)" [_thread_blocked, id=25832, stack(0x0000003815d00000,0x0000003815e00000)]
  0x0000018f19c22de0 JavaThread "Cache worker for cache directory md-supplier (C:\Users\WooHeeSeop\.gradle\caches\8.3\md-supplier)" [_thread_blocked, id=18820, stack(0x0000003815e00000,0x0000003815f00000)]
  0x0000018f1a48c2e0 JavaThread "Cache worker for file content cache (C:\Users\WooHeeSeop\.gradle\caches\8.3\fileContent)" [_thread_blocked, id=32120, stack(0x0000003815f00000,0x0000003816000000)]
  0x0000018f1a48e140 JavaThread "Cache worker for cache directory md-rule (C:\Users\WooHeeSeop\.gradle\caches\8.3\md-rule)" [_thread_blocked, id=10004, stack(0x0000003816300000,0x0000003816400000)]
  0x0000018f1a48e650 JavaThread "Cache worker for execution history cache (C:\Users\WooHeeSeop\.gradle\caches\8.3\executionHistory)" [_thread_blocked, id=28788, stack(0x0000003816400000,0x0000003816500000)]
  0x0000018f1a48f580 JavaThread "jar transforms" [_thread_blocked, id=17900, stack(0x0000003816500000,0x0000003816600000)]
  0x0000018f1a48bdd0 JavaThread "jar transforms Thread 2" [_thread_blocked, id=34616, stack(0x0000003816600000,0x0000003816700000)]
  0x0000018f1a492310 JavaThread "jar transforms Thread 3" [_thread_blocked, id=4144, stack(0x0000003816700000,0x0000003816800000)]
  0x0000018f1a48eb60 JavaThread "jar transforms Thread 4" [_thread_blocked, id=1224, stack(0x0000003816800000,0x0000003816900000)]
  0x0000018f1a4904b0 JavaThread "jar transforms Thread 5" [_thread_blocked, id=9792, stack(0x0000003816900000,0x0000003816a00000)]
  0x0000018f1a48c7f0 JavaThread "jar transforms Thread 6" [_thread_blocked, id=33096, stack(0x0000003816a00000,0x0000003816b00000)]
  0x0000018f1a48cd00 JavaThread "jar transforms Thread 7" [_thread_blocked, id=36820, stack(0x0000003816b00000,0x0000003816c00000)]
  0x0000018f1a4913e0 JavaThread "jar transforms Thread 8" [_thread_blocked, id=8004, stack(0x0000003816c00000,0x0000003816d00000)]
  0x0000018f1a48d210 JavaThread "Cache worker for dependencies-accessors (C:\Users\WooHeeSeop\Desktop\gitClone\.gradle\8.3\dependencies-accessors)" [_thread_blocked, id=12380, stack(0x0000003816d00000,0x0000003816e00000)]
  0x0000018f1a48ffa0 JavaThread "Cache worker for Build Output Cleanup Cache (C:\Users\WooHeeSeop\Desktop\gitClone\.gradle\buildOutputCleanup)" [_thread_blocked, id=16960, stack(0x0000003814e00000,0x0000003814f00000)]
  0x0000018f19c25d60 JavaThread "C2 CompilerThread1" daemon [_thread_blocked, id=12240, stack(0x0000003815900000,0x0000003815a00000)]
  0x0000018f1a492d30 JavaThread "Unconstrained build operations" [_thread_blocked, id=19300, stack(0x0000003816f00000,0x0000003817000000)]
  0x0000018f1a493240 JavaThread "Unconstrained build operations Thread 2" [_thread_blocked, id=39872, stack(0x0000003817000000,0x0000003817100000)]
  0x0000018f1a4909c0 JavaThread "Unconstrained build operations Thread 3" [_thread_blocked, id=6456, stack(0x0000003817100000,0x0000003817200000)]
  0x0000018f1a493750 JavaThread "Unconstrained build operations Thread 4" [_thread_blocked, id=24648, stack(0x0000003817200000,0x0000003817300000)]
  0x0000018f1a48f070 JavaThread "Unconstrained build operations Thread 5" [_thread_blocked, id=35884, stack(0x0000003817300000,0x0000003817400000)]
  0x0000018f1a48d720 JavaThread "Unconstrained build operations Thread 6" [_thread_blocked, id=34564, stack(0x0000003817400000,0x0000003817500000)]
  0x0000018f1a490ed0 JavaThread "Unconstrained build operations Thread 7" [_thread_blocked, id=21316, stack(0x0000003817500000,0x0000003817600000)]
=>0x0000018f7f6f7e80 JavaThread "C2 CompilerThread2" daemon [_thread_in_native, id=39388, stack(0x0000003817600000,0x0000003817700000)]

Other Threads:
  0x0000018f7f170490 VMThread "VM Thread" [stack: 0x0000003813900000,0x0000003813a00000] [id=40772]
  0x0000018f7f38f950 WatcherThread [stack: 0x0000003814500000,0x0000003814600000] [id=36416]
  0x0000018f64603ca0 GCTaskThread "GC Thread#0" [stack: 0x0000003813400000,0x0000003813500000] [id=32532]
  0x0000018f7fcb42c0 GCTaskThread "GC Thread#1" [stack: 0x0000003814700000,0x0000003814800000] [id=26916]
  0x0000018f7fcb4580 GCTaskThread "GC Thread#2" [stack: 0x0000003814800000,0x0000003814900000] [id=32880]
  0x0000018f7fc25a70 GCTaskThread "GC Thread#3" [stack: 0x0000003814900000,0x0000003814a00000] [id=13144]
  0x0000018f1917a3d0 GCTaskThread "GC Thread#4" [stack: 0x0000003814a00000,0x0000003814b00000] [id=17820]
  0x0000018f1917aa60 GCTaskThread "GC Thread#5" [stack: 0x0000003814b00000,0x0000003814c00000] [id=9412]
  0x0000018f1a742fd0 GCTaskThread "GC Thread#6" [stack: 0x0000003816000000,0x0000003816100000] [id=35492]
  0x0000018f1a741f50 GCTaskThread "GC Thread#7" [stack: 0x0000003816100000,0x0000003816200000] [id=40460]
  0x0000018f6460b210 ConcurrentGCThread "G1 Main Marker" [stack: 0x0000003813500000,0x0000003813600000] [id=37968]
  0x0000018f6460c3d0 ConcurrentGCThread "G1 Conc#0" [stack: 0x0000003813600000,0x0000003813700000] [id=10528]
  0x0000018f1a741c90 ConcurrentGCThread "G1 Conc#1" [stack: 0x0000003816200000,0x0000003816300000] [id=21368]
  0x0000018f6468d780 ConcurrentGCThread "G1 Refine#0" [stack: 0x0000003813700000,0x0000003813800000] [id=31972]
  0x0000018f6468e1b0 ConcurrentGCThread "G1 Service" [stack: 0x0000003813800000,0x0000003813900000] [id=39780]

Threads with active compile tasks:
C2 CompilerThread0     8666 5376       4       java.util.TreeMap::put (221 bytes)
C1 CompilerThread0     8666 5381       3       java.lang.Class::isRecord (33 bytes)
C2 CompilerThread2     8667 5239       4       java.lang.Class::annotationData (44 bytes)

VM state: not at safepoint (normal execution)

VM Mutex/Monitor currently owned by a thread:  ([mutex/lock_event])
[0x0000018f645d1c10] Compile_lock - owner thread: 0x0000000000000000

Heap address: 0x00000000e0000000, size: 512 MB, Compressed Oops mode: 32-bit

CDS archive(s) mapped at: [0x0000018f00000000-0x0000018f00ba0000-0x0000018f00ba0000), size 12189696, SharedBaseAddress: 0x0000018f00000000, ArchiveRelocationMode: 1.
Compressed class space mapped at: 0x0000018f01000000-0x0000018f15000000, reserved size: 335544320
Narrow klass base: 0x0000018f00000000, Narrow klass shift: 0, Narrow klass range: 0x100000000

GC Precious Log:
 CPUs: 8 total, 8 available
 Memory: 16108M
 Large Page Support: Disabled
 NUMA Support: Disabled
 Compressed Oops: Enabled (32-bit)
 Heap Region Size: 1M
 Heap Min Capacity: 256M
 Heap Initial Capacity: 256M
 Heap Max Capacity: 512M
 Pre-touch: Disabled
 Parallel Workers: 8
 Concurrent Workers: 2
 Concurrent Refinement Workers: 8
 Periodic GC: Disabled

Heap:
 garbage-first heap   total 262144K, used 127279K [0x00000000e0000000, 0x0000000100000000)
  region size 1024K, 95 young (97280K), 1 survivors (1024K)
 Metaspace       used 49840K, committed 50304K, reserved 393216K
  class space    used 6881K, committed 7104K, reserved 327680K

Heap Regions: E=young(eden), S=young(survivor), O=old, HS=humongous(starts), HC=humongous(continues), CS=collection set, F=free, OA=open archive, CA=closed archive, TAMS=top-at-mark-start (previous, next)
|   0|0x00000000e0000000, 0x00000000e0100000, 0x00000000e0100000|100%|HS|  |TAMS 0x00000000e0100000, 0x00000000e0000000| Complete 
|   1|0x00000000e0100000, 0x00000000e0200000, 0x00000000e0200000|100%|HC|  |TAMS 0x00000000e0200000, 0x00000000e0100000| Complete 
|   2|0x00000000e0200000, 0x00000000e0300000, 0x00000000e0300000|100%|HC|  |TAMS 0x00000000e0300000, 0x00000000e0200000| Complete 
|   3|0x00000000e0300000, 0x00000000e0400000, 0x00000000e0400000|100%|HC|  |TAMS 0x00000000e0400000, 0x00000000e0300000| Complete 
|   4|0x00000000e0400000, 0x00000000e0500000, 0x00000000e0500000|100%| O|  |TAMS 0x00000000e0500000, 0x00000000e0400000| Untracked 
|   5|0x00000000e0500000, 0x00000000e0600000, 0x00000000e0600000|100%| O|  |TAMS 0x00000000e0600000, 0x00000000e0500000| Untracked 
|   6|0x00000000e0600000, 0x00000000e0700000, 0x00000000e0700000|100%| O|  |TAMS 0x00000000e0700000, 0x00000000e0600000| Untracked 
|   7|0x00000000e0700000, 0x00000000e0800000, 0x00000000e0800000|100%| O|  |TAMS 0x00000000e0800000, 0x00000000e0700000| Untracked 
|   8|0x00000000e0800000, 0x00000000e0900000, 0x00000000e0900000|100%| O|  |TAMS 0x00000000e0900000, 0x00000000e0800000| Untracked 
|   9|0x00000000e0900000, 0x00000000e0a00000, 0x00000000e0a00000|100%|HS|  |TAMS 0x00000000e0900000, 0x00000000e0900000| Complete 
|  10|0x00000000e0a00000, 0x00000000e0b00000, 0x00000000e0b00000|100%| O|  |TAMS 0x00000000e0b00000, 0x00000000e0a00000| Untracked 
|  11|0x00000000e0b00000, 0x00000000e0c00000, 0x00000000e0c00000|100%| O|  |TAMS 0x00000000e0c00000, 0x00000000e0b00000| Untracked 
|  12|0x00000000e0c00000, 0x00000000e0d00000, 0x00000000e0d00000|100%| O|  |TAMS 0x00000000e0d00000, 0x00000000e0c00000| Untracked 
|  13|0x00000000e0d00000, 0x00000000e0e00000, 0x00000000e0e00000|100%| O|  |TAMS 0x00000000e0e00000, 0x00000000e0d00000| Untracked 
|  14|0x00000000e0e00000, 0x00000000e0f00000, 0x00000000e0f00000|100%| O|  |TAMS 0x00000000e0f00000, 0x00000000e0e00000| Untracked 
|  15|0x00000000e0f00000, 0x00000000e1000000, 0x00000000e1000000|100%| O|  |TAMS 0x00000000e1000000, 0x00000000e0f00000| Untracked 
|  16|0x00000000e1000000, 0x00000000e1100000, 0x00000000e1100000|100%| O|  |TAMS 0x00000000e1100000, 0x00000000e1000000| Untracked 
|  17|0x00000000e1100000, 0x00000000e1200000, 0x00000000e1200000|100%| O|  |TAMS 0x00000000e1200000, 0x00000000e1100000| Untracked 
|  18|0x00000000e1200000, 0x00000000e1300000, 0x00000000e1300000|100%| O|  |TAMS 0x00000000e1300000, 0x00000000e1200000| Untracked 
|  19|0x00000000e1300000, 0x00000000e1400000, 0x00000000e1400000|100%| O|  |TAMS 0x00000000e1400000, 0x00000000e1300000| Untracked 
|  20|0x00000000e1400000, 0x00000000e1500000, 0x00000000e1500000|100%| O|  |TAMS 0x00000000e1500000, 0x00000000e1400000| Untracked 
|  21|0x00000000e1500000, 0x00000000e1600000, 0x00000000e1600000|100%| O|  |TAMS 0x00000000e1600000, 0x00000000e1500000| Untracked 
|  22|0x00000000e1600000, 0x00000000e1700000, 0x00000000e1700000|100%| O|  |TAMS 0x00000000e1700000, 0x00000000e1600000| Untracked 
|  23|0x00000000e1700000, 0x00000000e1800000, 0x00000000e1800000|100%| O|  |TAMS 0x00000000e1800000, 0x00000000e1700000| Complete 
|  24|0x00000000e1800000, 0x00000000e1900000, 0x00000000e1900000|100%| O|  |TAMS 0x00000000e1900000, 0x00000000e1800000| Untracked 
|  25|0x00000000e1900000, 0x00000000e1a00000, 0x00000000e1a00000|100%| O|  |TAMS 0x00000000e1a00000, 0x00000000e1900000| Untracked 
|  26|0x00000000e1a00000, 0x00000000e1b00000, 0x00000000e1b00000|100%| O|  |TAMS 0x00000000e1b00000, 0x00000000e1a00000| Untracked 
|  27|0x00000000e1b00000, 0x00000000e1c00000, 0x00000000e1c00000|100%| O|  |TAMS 0x00000000e1c00000, 0x00000000e1b00000| Untracked 
|  28|0x00000000e1c00000, 0x00000000e1d00000, 0x00000000e1d00000|100%| O|  |TAMS 0x00000000e1d00000, 0x00000000e1c00000| Untracked 
|  29|0x00000000e1d00000, 0x00000000e1e00000, 0x00000000e1e00000|100%| O|  |TAMS 0x00000000e1e00000, 0x00000000e1d00000| Untracked 
|  30|0x00000000e1e00000, 0x00000000e1ebba00, 0x00000000e1f00000| 73%| O|  |TAMS 0x00000000e1ebba00, 0x00000000e1e00000| Untracked 
|  31|0x00000000e1f00000, 0x00000000e2000000, 0x00000000e2000000|100%|HS|  |TAMS 0x00000000e1f00000, 0x00000000e1f00000| Complete 
|  32|0x00000000e2000000, 0x00000000e2000000, 0x00000000e2100000|  0%| F|  |TAMS 0x00000000e2000000, 0x00000000e2000000| Untracked 
|  33|0x00000000e2100000, 0x00000000e2100000, 0x00000000e2200000|  0%| F|  |TAMS 0x00000000e2100000, 0x00000000e2100000| Untracked 
|  34|0x00000000e2200000, 0x00000000e2200000, 0x00000000e2300000|  0%| F|  |TAMS 0x00000000e2200000, 0x00000000e2200000| Untracked 
|  35|0x00000000e2300000, 0x00000000e2300000, 0x00000000e2400000|  0%| F|  |TAMS 0x00000000e2300000, 0x00000000e2300000| Untracked 
|  36|0x00000000e2400000, 0x00000000e2400000, 0x00000000e2500000|  0%| F|  |TAMS 0x00000000e2400000, 0x00000000e2400000| Untracked 
|  37|0x00000000e2500000, 0x00000000e2500000, 0x00000000e2600000|  0%| F|  |TAMS 0x00000000e2500000, 0x00000000e2500000| Untracked 
|  38|0x00000000e2600000, 0x00000000e2600000, 0x00000000e2700000|  0%| F|  |TAMS 0x00000000e2600000, 0x00000000e2600000| Untracked 
|  39|0x00000000e2700000, 0x00000000e2700000, 0x00000000e2800000|  0%| F|  |TAMS 0x00000000e2700000, 0x00000000e2700000| Untracked 
|  40|0x00000000e2800000, 0x00000000e2800000, 0x00000000e2900000|  0%| F|  |TAMS 0x00000000e2800000, 0x00000000e2800000| Untracked 
|  41|0x00000000e2900000, 0x00000000e2900000, 0x00000000e2a00000|  0%| F|  |TAMS 0x00000000e2900000, 0x00000000e2900000| Untracked 
|  42|0x00000000e2a00000, 0x00000000e2a00000, 0x00000000e2b00000|  0%| F|  |TAMS 0x00000000e2a00000, 0x00000000e2a00000| Untracked 
|  43|0x00000000e2b00000, 0x00000000e2b00000, 0x00000000e2c00000|  0%| F|  |TAMS 0x00000000e2b00000, 0x00000000e2b00000| Untracked 
|  44|0x00000000e2c00000, 0x00000000e2c00000, 0x00000000e2d00000|  0%| F|  |TAMS 0x00000000e2c00000, 0x00000000e2c00000| Untracked 
|  45|0x00000000e2d00000, 0x00000000e2d00000, 0x00000000e2e00000|  0%| F|  |TAMS 0x00000000e2d00000, 0x00000000e2d00000| Untracked 
|  46|0x00000000e2e00000, 0x00000000e2e00000, 0x00000000e2f00000|  0%| F|  |TAMS 0x00000000e2e00000, 0x00000000e2e00000| Untracked 
|  47|0x00000000e2f00000, 0x00000000e2f00000, 0x00000000e3000000|  0%| F|  |TAMS 0x00000000e2f00000, 0x00000000e2f00000| Untracked 
|  48|0x00000000e3000000, 0x00000000e3000000, 0x00000000e3100000|  0%| F|  |TAMS 0x00000000e3000000, 0x00000000e3000000| Untracked 
|  49|0x00000000e3100000, 0x00000000e3100000, 0x00000000e3200000|  0%| F|  |TAMS 0x00000000e3100000, 0x00000000e3100000| Untracked 
|  50|0x00000000e3200000, 0x00000000e3200000, 0x00000000e3300000|  0%| F|  |TAMS 0x00000000e3200000, 0x00000000e3200000| Untracked 
|  51|0x00000000e3300000, 0x00000000e3300000, 0x00000000e3400000|  0%| F|  |TAMS 0x00000000e3300000, 0x00000000e3300000| Untracked 
|  52|0x00000000e3400000, 0x00000000e3400000, 0x00000000e3500000|  0%| F|  |TAMS 0x00000000e3400000, 0x00000000e3400000| Untracked 
|  53|0x00000000e3500000, 0x00000000e3500000, 0x00000000e3600000|  0%| F|  |TAMS 0x00000000e3500000, 0x00000000e3500000| Untracked 
|  54|0x00000000e3600000, 0x00000000e3600000, 0x00000000e3700000|  0%| F|  |TAMS 0x00000000e3600000, 0x00000000e3600000| Untracked 
|  55|0x00000000e3700000, 0x00000000e3700000, 0x00000000e3800000|  0%| F|  |TAMS 0x00000000e3700000, 0x00000000e3700000| Untracked 
|  56|0x00000000e3800000, 0x00000000e3800000, 0x00000000e3900000|  0%| F|  |TAMS 0x00000000e3800000, 0x00000000e3800000| Untracked 
|  57|0x00000000e3900000, 0x00000000e3900000, 0x00000000e3a00000|  0%| F|  |TAMS 0x00000000e3900000, 0x00000000e3900000| Untracked 
|  58|0x00000000e3a00000, 0x00000000e3a00000, 0x00000000e3b00000|  0%| F|  |TAMS 0x00000000e3a00000, 0x00000000e3a00000| Untracked 
|  59|0x00000000e3b00000, 0x00000000e3b00000, 0x00000000e3c00000|  0%| F|  |TAMS 0x00000000e3b00000, 0x00000000e3b00000| Untracked 
|  60|0x00000000e3c00000, 0x00000000e3c00000, 0x00000000e3d00000|  0%| F|  |TAMS 0x00000000e3c00000, 0x00000000e3c00000| Untracked 
|  61|0x00000000e3d00000, 0x00000000e3d00000, 0x00000000e3e00000|  0%| F|  |TAMS 0x00000000e3d00000, 0x00000000e3d00000| Untracked 
|  62|0x00000000e3e00000, 0x00000000e3e00000, 0x00000000e3f00000|  0%| F|  |TAMS 0x00000000e3e00000, 0x00000000e3e00000| Untracked 
|  63|0x00000000e3f00000, 0x00000000e3f00000, 0x00000000e4000000|  0%| F|  |TAMS 0x00000000e3f00000, 0x00000000e3f00000| Untracked 
|  64|0x00000000e4000000, 0x00000000e4000000, 0x00000000e4100000|  0%| F|  |TAMS 0x00000000e4000000, 0x00000000e4000000| Untracked 
|  65|0x00000000e4100000, 0x00000000e4100000, 0x00000000e4200000|  0%| F|  |TAMS 0x00000000e4100000, 0x00000000e4100000| Untracked 
|  66|0x00000000e4200000, 0x00000000e4200000, 0x00000000e4300000|  0%| F|  |TAMS 0x00000000e4200000, 0x00000000e4200000| Untracked 
|  67|0x00000000e4300000, 0x00000000e4300000, 0x00000000e4400000|  0%| F|  |TAMS 0x00000000e4300000, 0x00000000e4300000| Untracked 
|  68|0x00000000e4400000, 0x00000000e4400000, 0x00000000e4500000|  0%| F|  |TAMS 0x00000000e4400000, 0x00000000e4400000| Untracked 
|  69|0x00000000e4500000, 0x00000000e4500000, 0x00000000e4600000|  0%| F|  |TAMS 0x00000000e4500000, 0x00000000e4500000| Untracked 
|  70|0x00000000e4600000, 0x00000000e4600000, 0x00000000e4700000|  0%| F|  |TAMS 0x00000000e4600000, 0x00000000e4600000| Untracked 
|  71|0x00000000e4700000, 0x00000000e4700000, 0x00000000e4800000|  0%| F|  |TAMS 0x00000000e4700000, 0x00000000e4700000| Untracked 
|  72|0x00000000e4800000, 0x00000000e4800000, 0x00000000e4900000|  0%| F|  |TAMS 0x00000000e4800000, 0x00000000e4800000| Untracked 
|  73|0x00000000e4900000, 0x00000000e4900000, 0x00000000e4a00000|  0%| F|  |TAMS 0x00000000e4900000, 0x00000000e4900000| Untracked 
|  74|0x00000000e4a00000, 0x00000000e4a00000, 0x00000000e4b00000|  0%| F|  |TAMS 0x00000000e4a00000, 0x00000000e4a00000| Untracked 
|  75|0x00000000e4b00000, 0x00000000e4b00000, 0x00000000e4c00000|  0%| F|  |TAMS 0x00000000e4b00000, 0x00000000e4b00000| Untracked 
|  76|0x00000000e4c00000, 0x00000000e4c00000, 0x00000000e4d00000|  0%| F|  |TAMS 0x00000000e4c00000, 0x00000000e4c00000| Untracked 
|  77|0x00000000e4d00000, 0x00000000e4d00000, 0x00000000e4e00000|  0%| F|  |TAMS 0x00000000e4d00000, 0x00000000e4d00000| Untracked 
|  78|0x00000000e4e00000, 0x00000000e4e00000, 0x00000000e4f00000|  0%| F|  |TAMS 0x00000000e4e00000, 0x00000000e4e00000| Untracked 
|  79|0x00000000e4f00000, 0x00000000e4f00000, 0x00000000e5000000|  0%| F|  |TAMS 0x00000000e4f00000, 0x00000000e4f00000| Untracked 
|  80|0x00000000e5000000, 0x00000000e5000000, 0x00000000e5100000|  0%| F|  |TAMS 0x00000000e5000000, 0x00000000e5000000| Untracked 
|  81|0x00000000e5100000, 0x00000000e5100000, 0x00000000e5200000|  0%| F|  |TAMS 0x00000000e5100000, 0x00000000e5100000| Untracked 
|  82|0x00000000e5200000, 0x00000000e5200000, 0x00000000e5300000|  0%| F|  |TAMS 0x00000000e5200000, 0x00000000e5200000| Untracked 
|  83|0x00000000e5300000, 0x00000000e5300000, 0x00000000e5400000|  0%| F|  |TAMS 0x00000000e5300000, 0x00000000e5300000| Untracked 
|  84|0x00000000e5400000, 0x00000000e5400000, 0x00000000e5500000|  0%| F|  |TAMS 0x00000000e5400000, 0x00000000e5400000| Untracked 
|  85|0x00000000e5500000, 0x00000000e5500000, 0x00000000e5600000|  0%| F|  |TAMS 0x00000000e5500000, 0x00000000e5500000| Untracked 
|  86|0x00000000e5600000, 0x00000000e5600000, 0x00000000e5700000|  0%| F|  |TAMS 0x00000000e5600000, 0x00000000e5600000| Untracked 
|  87|0x00000000e5700000, 0x00000000e5700000, 0x00000000e5800000|  0%| F|  |TAMS 0x00000000e5700000, 0x00000000e5700000| Untracked 
|  88|0x00000000e5800000, 0x00000000e5800000, 0x00000000e5900000|  0%| F|  |TAMS 0x00000000e5800000, 0x00000000e5800000| Untracked 
|  89|0x00000000e5900000, 0x00000000e5900000, 0x00000000e5a00000|  0%| F|  |TAMS 0x00000000e5900000, 0x00000000e5900000| Untracked 
|  90|0x00000000e5a00000, 0x00000000e5a00000, 0x00000000e5b00000|  0%| F|  |TAMS 0x00000000e5a00000, 0x00000000e5a00000| Untracked 
|  91|0x00000000e5b00000, 0x00000000e5b00000, 0x00000000e5c00000|  0%| F|  |TAMS 0x00000000e5b00000, 0x00000000e5b00000| Untracked 
|  92|0x00000000e5c00000, 0x00000000e5c00000, 0x00000000e5d00000|  0%| F|  |TAMS 0x00000000e5c00000, 0x00000000e5c00000| Untracked 
|  93|0x00000000e5d00000, 0x00000000e5d00000, 0x00000000e5e00000|  0%| F|  |TAMS 0x00000000e5d00000, 0x00000000e5d00000| Untracked 
|  94|0x00000000e5e00000, 0x00000000e5e00000, 0x00000000e5f00000|  0%| F|  |TAMS 0x00000000e5e00000, 0x00000000e5e00000| Untracked 
|  95|0x00000000e5f00000, 0x00000000e5f00000, 0x00000000e6000000|  0%| F|  |TAMS 0x00000000e5f00000, 0x00000000e5f00000| Untracked 
|  96|0x00000000e6000000, 0x00000000e6000000, 0x00000000e6100000|  0%| F|  |TAMS 0x00000000e6000000, 0x00000000e6000000| Untracked 
|  97|0x00000000e6100000, 0x00000000e6100000, 0x00000000e6200000|  0%| F|  |TAMS 0x00000000e6100000, 0x00000000e6100000| Untracked 
|  98|0x00000000e6200000, 0x00000000e6200000, 0x00000000e6300000|  0%| F|  |TAMS 0x00000000e6200000, 0x00000000e6200000| Untracked 
|  99|0x00000000e6300000, 0x00000000e6300000, 0x00000000e6400000|  0%| F|  |TAMS 0x00000000e6300000, 0x00000000e6300000| Untracked 
| 100|0x00000000e6400000, 0x00000000e6400000, 0x00000000e6500000|  0%| F|  |TAMS 0x00000000e6400000, 0x00000000e6400000| Untracked 
| 101|0x00000000e6500000, 0x00000000e6500000, 0x00000000e6600000|  0%| F|  |TAMS 0x00000000e6500000, 0x00000000e6500000| Untracked 
| 102|0x00000000e6600000, 0x00000000e6600000, 0x00000000e6700000|  0%| F|  |TAMS 0x00000000e6600000, 0x00000000e6600000| Untracked 
| 103|0x00000000e6700000, 0x00000000e6700000, 0x00000000e6800000|  0%| F|  |TAMS 0x00000000e6700000, 0x00000000e6700000| Untracked 
| 104|0x00000000e6800000, 0x00000000e6800000, 0x00000000e6900000|  0%| F|  |TAMS 0x00000000e6800000, 0x00000000e6800000| Untracked 
| 105|0x00000000e6900000, 0x00000000e6900000, 0x00000000e6a00000|  0%| F|  |TAMS 0x00000000e6900000, 0x00000000e6900000| Untracked 
| 106|0x00000000e6a00000, 0x00000000e6a00000, 0x00000000e6b00000|  0%| F|  |TAMS 0x00000000e6a00000, 0x00000000e6a00000| Untracked 
| 107|0x00000000e6b00000, 0x00000000e6b00000, 0x00000000e6c00000|  0%| F|  |TAMS 0x00000000e6b00000, 0x00000000e6b00000| Untracked 
| 108|0x00000000e6c00000, 0x00000000e6c00000, 0x00000000e6d00000|  0%| F|  |TAMS 0x00000000e6c00000, 0x00000000e6c00000| Untracked 
| 109|0x00000000e6d00000, 0x00000000e6d00000, 0x00000000e6e00000|  0%| F|  |TAMS 0x00000000e6d00000, 0x00000000e6d00000| Untracked 
| 110|0x00000000e6e00000, 0x00000000e6e00000, 0x00000000e6f00000|  0%| F|  |TAMS 0x00000000e6e00000, 0x00000000e6e00000| Untracked 
| 111|0x00000000e6f00000, 0x00000000e6f00000, 0x00000000e7000000|  0%| F|  |TAMS 0x00000000e6f00000, 0x00000000e6f00000| Untracked 
| 112|0x00000000e7000000, 0x00000000e7000000, 0x00000000e7100000|  0%| F|  |TAMS 0x00000000e7000000, 0x00000000e7000000| Untracked 
| 113|0x00000000e7100000, 0x00000000e7100000, 0x00000000e7200000|  0%| F|  |TAMS 0x00000000e7100000, 0x00000000e7100000| Untracked 
| 114|0x00000000e7200000, 0x00000000e7200000, 0x00000000e7300000|  0%| F|  |TAMS 0x00000000e7200000, 0x00000000e7200000| Untracked 
| 115|0x00000000e7300000, 0x00000000e7300000, 0x00000000e7400000|  0%| F|  |TAMS 0x00000000e7300000, 0x00000000e7300000| Untracked 
| 116|0x00000000e7400000, 0x00000000e7400000, 0x00000000e7500000|  0%| F|  |TAMS 0x00000000e7400000, 0x00000000e7400000| Untracked 
| 117|0x00000000e7500000, 0x00000000e7500000, 0x00000000e7600000|  0%| F|  |TAMS 0x00000000e7500000, 0x00000000e7500000| Untracked 
| 118|0x00000000e7600000, 0x00000000e7600000, 0x00000000e7700000|  0%| F|  |TAMS 0x00000000e7600000, 0x00000000e7600000| Untracked 
| 119|0x00000000e7700000, 0x00000000e7700000, 0x00000000e7800000|  0%| F|  |TAMS 0x00000000e7700000, 0x00000000e7700000| Untracked 
| 120|0x00000000e7800000, 0x00000000e7800000, 0x00000000e7900000|  0%| F|  |TAMS 0x00000000e7800000, 0x00000000e7800000| Untracked 
| 121|0x00000000e7900000, 0x00000000e7900000, 0x00000000e7a00000|  0%| F|  |TAMS 0x00000000e7900000, 0x00000000e7900000| Untracked 
| 122|0x00000000e7a00000, 0x00000000e7a00000, 0x00000000e7b00000|  0%| F|  |TAMS 0x00000000e7a00000, 0x00000000e7a00000| Untracked 
| 123|0x00000000e7b00000, 0x00000000e7b00000, 0x00000000e7c00000|  0%| F|  |TAMS 0x00000000e7b00000, 0x00000000e7b00000| Untracked 
| 124|0x00000000e7c00000, 0x00000000e7c00000, 0x00000000e7d00000|  0%| F|  |TAMS 0x00000000e7c00000, 0x00000000e7c00000| Untracked 
| 125|0x00000000e7d00000, 0x00000000e7d00000, 0x00000000e7e00000|  0%| F|  |TAMS 0x00000000e7d00000, 0x00000000e7d00000| Untracked 
| 126|0x00000000e7e00000, 0x00000000e7e00000, 0x00000000e7f00000|  0%| F|  |TAMS 0x00000000e7e00000, 0x00000000e7e00000| Untracked 
| 127|0x00000000e7f00000, 0x00000000e7f00000, 0x00000000e8000000|  0%| F|  |TAMS 0x00000000e7f00000, 0x00000000e7f00000| Untracked 
| 128|0x00000000e8000000, 0x00000000e8000000, 0x00000000e8100000|  0%| F|  |TAMS 0x00000000e8000000, 0x00000000e8000000| Untracked 
| 129|0x00000000e8100000, 0x00000000e8100000, 0x00000000e8200000|  0%| F|  |TAMS 0x00000000e8100000, 0x00000000e8100000| Untracked 
| 130|0x00000000e8200000, 0x00000000e8200000, 0x00000000e8300000|  0%| F|  |TAMS 0x00000000e8200000, 0x00000000e8200000| Untracked 
| 131|0x00000000e8300000, 0x00000000e8300000, 0x00000000e8400000|  0%| F|  |TAMS 0x00000000e8300000, 0x00000000e8300000| Untracked 
| 132|0x00000000e8400000, 0x00000000e8400000, 0x00000000e8500000|  0%| F|  |TAMS 0x00000000e8400000, 0x00000000e8400000| Untracked 
| 133|0x00000000e8500000, 0x00000000e8500000, 0x00000000e8600000|  0%| F|  |TAMS 0x00000000e8500000, 0x00000000e8500000| Untracked 
| 134|0x00000000e8600000, 0x00000000e8600000, 0x00000000e8700000|  0%| F|  |TAMS 0x00000000e8600000, 0x00000000e8600000| Untracked 
| 135|0x00000000e8700000, 0x00000000e8700000, 0x00000000e8800000|  0%| F|  |TAMS 0x00000000e8700000, 0x00000000e8700000| Untracked 
| 136|0x00000000e8800000, 0x00000000e8800000, 0x00000000e8900000|  0%| F|  |TAMS 0x00000000e8800000, 0x00000000e8800000| Untracked 
| 137|0x00000000e8900000, 0x00000000e8900000, 0x00000000e8a00000|  0%| F|  |TAMS 0x00000000e8900000, 0x00000000e8900000| Untracked 
| 138|0x00000000e8a00000, 0x00000000e8a00000, 0x00000000e8b00000|  0%| F|  |TAMS 0x00000000e8a00000, 0x00000000e8a00000| Untracked 
| 139|0x00000000e8b00000, 0x00000000e8b00000, 0x00000000e8c00000|  0%| F|  |TAMS 0x00000000e8b00000, 0x00000000e8b00000| Untracked 
| 140|0x00000000e8c00000, 0x00000000e8c00000, 0x00000000e8d00000|  0%| F|  |TAMS 0x00000000e8c00000, 0x00000000e8c00000| Untracked 
| 141|0x00000000e8d00000, 0x00000000e8d00000, 0x00000000e8e00000|  0%| F|  |TAMS 0x00000000e8d00000, 0x00000000e8d00000| Untracked 
| 142|0x00000000e8e00000, 0x00000000e8e00000, 0x00000000e8f00000|  0%| F|  |TAMS 0x00000000e8e00000, 0x00000000e8e00000| Untracked 
| 143|0x00000000e8f00000, 0x00000000e8f00000, 0x00000000e9000000|  0%| F|  |TAMS 0x00000000e8f00000, 0x00000000e8f00000| Untracked 
| 144|0x00000000e9000000, 0x00000000e9000000, 0x00000000e9100000|  0%| F|  |TAMS 0x00000000e9000000, 0x00000000e9000000| Untracked 
| 145|0x00000000e9100000, 0x00000000e9100000, 0x00000000e9200000|  0%| F|  |TAMS 0x00000000e9100000, 0x00000000e9100000| Untracked 
| 146|0x00000000e9200000, 0x00000000e9200000, 0x00000000e9300000|  0%| F|  |TAMS 0x00000000e9200000, 0x00000000e9200000| Untracked 
| 147|0x00000000e9300000, 0x00000000e9300000, 0x00000000e9400000|  0%| F|  |TAMS 0x00000000e9300000, 0x00000000e9300000| Untracked 
| 148|0x00000000e9400000, 0x00000000e9400000, 0x00000000e9500000|  0%| F|  |TAMS 0x00000000e9400000, 0x00000000e9400000| Untracked 
| 149|0x00000000e9500000, 0x00000000e9500000, 0x00000000e9600000|  0%| F|  |TAMS 0x00000000e9500000, 0x00000000e9500000| Untracked 
| 150|0x00000000e9600000, 0x00000000e9600000, 0x00000000e9700000|  0%| F|  |TAMS 0x00000000e9600000, 0x00000000e9600000| Untracked 
| 151|0x00000000e9700000, 0x00000000e9700000, 0x00000000e9800000|  0%| F|  |TAMS 0x00000000e9700000, 0x00000000e9700000| Untracked 
| 152|0x00000000e9800000, 0x00000000e9800000, 0x00000000e9900000|  0%| F|  |TAMS 0x00000000e9800000, 0x00000000e9800000| Untracked 
| 153|0x00000000e9900000, 0x00000000e9900000, 0x00000000e9a00000|  0%| F|  |TAMS 0x00000000e9900000, 0x00000000e9900000| Untracked 
| 154|0x00000000e9a00000, 0x00000000e9a00000, 0x00000000e9b00000|  0%| F|  |TAMS 0x00000000e9a00000, 0x00000000e9a00000| Untracked 
| 155|0x00000000e9b00000, 0x00000000e9b00000, 0x00000000e9c00000|  0%| F|  |TAMS 0x00000000e9b00000, 0x00000000e9b00000| Untracked 
| 156|0x00000000e9c00000, 0x00000000e9c00000, 0x00000000e9d00000|  0%| F|  |TAMS 0x00000000e9c00000, 0x00000000e9c00000| Untracked 
| 157|0x00000000e9d00000, 0x00000000e9d00000, 0x00000000e9e00000|  0%| F|  |TAMS 0x00000000e9d00000, 0x00000000e9d00000| Untracked 
| 158|0x00000000e9e00000, 0x00000000e9e00000, 0x00000000e9f00000|  0%| F|  |TAMS 0x00000000e9e00000, 0x00000000e9e00000| Untracked 
| 159|0x00000000e9f00000, 0x00000000e9f00000, 0x00000000ea000000|  0%| F|  |TAMS 0x00000000e9f00000, 0x00000000e9f00000| Untracked 
| 160|0x00000000ea000000, 0x00000000ea080ac0, 0x00000000ea100000| 50%| E|  |TAMS 0x00000000ea000000, 0x00000000ea000000| Complete 
| 161|0x00000000ea100000, 0x00000000ea200000, 0x00000000ea200000|100%| E|CS|TAMS 0x00000000ea100000, 0x00000000ea100000| Complete 
| 162|0x00000000ea200000, 0x00000000ea300000, 0x00000000ea300000|100%| E|CS|TAMS 0x00000000ea200000, 0x00000000ea200000| Complete 
| 163|0x00000000ea300000, 0x00000000ea400000, 0x00000000ea400000|100%| E|CS|TAMS 0x00000000ea300000, 0x00000000ea300000| Complete 
| 164|0x00000000ea400000, 0x00000000ea500000, 0x00000000ea500000|100%| E|CS|TAMS 0x00000000ea400000, 0x00000000ea400000| Complete 
| 165|0x00000000ea500000, 0x00000000ea600000, 0x00000000ea600000|100%| E|CS|TAMS 0x00000000ea500000, 0x00000000ea500000| Complete 
| 166|0x00000000ea600000, 0x00000000ea700000, 0x00000000ea700000|100%| E|CS|TAMS 0x00000000ea600000, 0x00000000ea600000| Complete 
| 167|0x00000000ea700000, 0x00000000ea800000, 0x00000000ea800000|100%| E|CS|TAMS 0x00000000ea700000, 0x00000000ea700000| Complete 
| 168|0x00000000ea800000, 0x00000000ea900000, 0x00000000ea900000|100%| E|CS|TAMS 0x00000000ea800000, 0x00000000ea800000| Complete 
| 169|0x00000000ea900000, 0x00000000eaa00000, 0x00000000eaa00000|100%| E|CS|TAMS 0x00000000ea900000, 0x00000000ea900000| Complete 
| 170|0x00000000eaa00000, 0x00000000eab00000, 0x00000000eab00000|100%| E|CS|TAMS 0x00000000eaa00000, 0x00000000eaa00000| Complete 
| 171|0x00000000eab00000, 0x00000000eac00000, 0x00000000eac00000|100%| E|CS|TAMS 0x00000000eab00000, 0x00000000eab00000| Complete 
| 172|0x00000000eac00000, 0x00000000ead00000, 0x00000000ead00000|100%| E|CS|TAMS 0x00000000eac00000, 0x00000000eac00000| Complete 
| 173|0x00000000ead00000, 0x00000000eae00000, 0x00000000eae00000|100%| E|CS|TAMS 0x00000000ead00000, 0x00000000ead00000| Complete 
| 174|0x00000000eae00000, 0x00000000eaf00000, 0x00000000eaf00000|100%| E|CS|TAMS 0x00000000eae00000, 0x00000000eae00000| Complete 
| 175|0x00000000eaf00000, 0x00000000eb000000, 0x00000000eb000000|100%| E|CS|TAMS 0x00000000eaf00000, 0x00000000eaf00000| Complete 
| 176|0x00000000eb000000, 0x00000000eb100000, 0x00000000eb100000|100%| E|CS|TAMS 0x00000000eb000000, 0x00000000eb000000| Complete 
| 177|0x00000000eb100000, 0x00000000eb200000, 0x00000000eb200000|100%| E|CS|TAMS 0x00000000eb100000, 0x00000000eb100000| Complete 
| 178|0x00000000eb200000, 0x00000000eb300000, 0x00000000eb300000|100%| E|CS|TAMS 0x00000000eb200000, 0x00000000eb200000| Complete 
| 179|0x00000000eb300000, 0x00000000eb400000, 0x00000000eb400000|100%| E|CS|TAMS 0x00000000eb300000, 0x00000000eb300000| Complete 
| 180|0x00000000eb400000, 0x00000000eb500000, 0x00000000eb500000|100%| E|CS|TAMS 0x00000000eb400000, 0x00000000eb400000| Complete 
| 181|0x00000000eb500000, 0x00000000eb600000, 0x00000000eb600000|100%| E|CS|TAMS 0x00000000eb500000, 0x00000000eb500000| Complete 
| 182|0x00000000eb600000, 0x00000000eb700000, 0x00000000eb700000|100%| E|CS|TAMS 0x00000000eb600000, 0x00000000eb600000| Complete 
| 183|0x00000000eb700000, 0x00000000eb800000, 0x00000000eb800000|100%| E|CS|TAMS 0x00000000eb700000, 0x00000000eb700000| Complete 
| 184|0x00000000eb800000, 0x00000000eb900000, 0x00000000eb900000|100%| E|CS|TAMS 0x00000000eb800000, 0x00000000eb800000| Complete 
| 185|0x00000000eb900000, 0x00000000eba00000, 0x00000000eba00000|100%| E|CS|TAMS 0x00000000eb900000, 0x00000000eb900000| Complete 
| 186|0x00000000eba00000, 0x00000000ebb00000, 0x00000000ebb00000|100%| E|CS|TAMS 0x00000000eba00000, 0x00000000eba00000| Complete 
| 187|0x00000000ebb00000, 0x00000000ebc00000, 0x00000000ebc00000|100%| E|CS|TAMS 0x00000000ebb00000, 0x00000000ebb00000| Complete 
| 188|0x00000000ebc00000, 0x00000000ebd00000, 0x00000000ebd00000|100%| E|CS|TAMS 0x00000000ebc00000, 0x00000000ebc00000| Complete 
| 189|0x00000000ebd00000, 0x00000000ebe00000, 0x00000000ebe00000|100%| E|CS|TAMS 0x00000000ebd00000, 0x00000000ebd00000| Complete 
| 190|0x00000000ebe00000, 0x00000000ebf00000, 0x00000000ebf00000|100%| E|CS|TAMS 0x00000000ebe00000, 0x00000000ebe00000| Complete 
| 191|0x00000000ebf00000, 0x00000000ec000000, 0x00000000ec000000|100%| E|CS|TAMS 0x00000000ebf00000, 0x00000000ebf00000| Complete 
| 192|0x00000000ec000000, 0x00000000ec100000, 0x00000000ec100000|100%| E|CS|TAMS 0x00000000ec000000, 0x00000000ec000000| Complete 
| 193|0x00000000ec100000, 0x00000000ec200000, 0x00000000ec200000|100%| E|CS|TAMS 0x00000000ec100000, 0x00000000ec100000| Complete 
| 194|0x00000000ec200000, 0x00000000ec300000, 0x00000000ec300000|100%| E|CS|TAMS 0x00000000ec200000, 0x00000000ec200000| Complete 
| 195|0x00000000ec300000, 0x00000000ec400000, 0x00000000ec400000|100%| E|CS|TAMS 0x00000000ec300000, 0x00000000ec300000| Complete 
| 196|0x00000000ec400000, 0x00000000ec500000, 0x00000000ec500000|100%| E|CS|TAMS 0x00000000ec400000, 0x00000000ec400000| Complete 
| 197|0x00000000ec500000, 0x00000000ec600000, 0x00000000ec600000|100%| E|CS|TAMS 0x00000000ec500000, 0x00000000ec500000| Complete 
| 198|0x00000000ec600000, 0x00000000ec700000, 0x00000000ec700000|100%| E|CS|TAMS 0x00000000ec600000, 0x00000000ec600000| Complete 
| 199|0x00000000ec700000, 0x00000000ec800000, 0x00000000ec800000|100%| E|CS|TAMS 0x00000000ec700000, 0x00000000ec700000| Complete 
| 200|0x00000000ec800000, 0x00000000ec900000, 0x00000000ec900000|100%| E|CS|TAMS 0x00000000ec800000, 0x00000000ec800000| Complete 
| 201|0x00000000ec900000, 0x00000000eca00000, 0x00000000eca00000|100%| E|CS|TAMS 0x00000000ec900000, 0x00000000ec900000| Complete 
| 202|0x00000000eca00000, 0x00000000ecb00000, 0x00000000ecb00000|100%| E|CS|TAMS 0x00000000eca00000, 0x00000000eca00000| Complete 
| 203|0x00000000ecb00000, 0x00000000ecc00000, 0x00000000ecc00000|100%| E|CS|TAMS 0x00000000ecb00000, 0x00000000ecb00000| Complete 
| 204|0x00000000ecc00000, 0x00000000ecd00000, 0x00000000ecd00000|100%| E|CS|TAMS 0x00000000ecc00000, 0x00000000ecc00000| Complete 
| 205|0x00000000ecd00000, 0x00000000ece00000, 0x00000000ece00000|100%| E|CS|TAMS 0x00000000ecd00000, 0x00000000ecd00000| Complete 
| 206|0x00000000ece00000, 0x00000000ecf00000, 0x00000000ecf00000|100%| E|CS|TAMS 0x00000000ece00000, 0x00000000ece00000| Complete 
| 207|0x00000000ecf00000, 0x00000000ed000000, 0x00000000ed000000|100%| E|CS|TAMS 0x00000000ecf00000, 0x00000000ecf00000| Complete 
| 208|0x00000000ed000000, 0x00000000ed100000, 0x00000000ed100000|100%| E|CS|TAMS 0x00000000ed000000, 0x00000000ed000000| Complete 
| 209|0x00000000ed100000, 0x00000000ed200000, 0x00000000ed200000|100%| E|CS|TAMS 0x00000000ed100000, 0x00000000ed100000| Complete 
| 210|0x00000000ed200000, 0x00000000ed300000, 0x00000000ed300000|100%| E|CS|TAMS 0x00000000ed200000, 0x00000000ed200000| Complete 
| 211|0x00000000ed300000, 0x00000000ed400000, 0x00000000ed400000|100%| E|CS|TAMS 0x00000000ed300000, 0x00000000ed300000| Complete 
| 212|0x00000000ed400000, 0x00000000ed500000, 0x00000000ed500000|100%| E|CS|TAMS 0x00000000ed400000, 0x00000000ed400000| Complete 
| 213|0x00000000ed500000, 0x00000000ed600000, 0x00000000ed600000|100%| E|CS|TAMS 0x00000000ed500000, 0x00000000ed500000| Complete 
| 214|0x00000000ed600000, 0x00000000ed700000, 0x00000000ed700000|100%| E|CS|TAMS 0x00000000ed600000, 0x00000000ed600000| Complete 
| 215|0x00000000ed700000, 0x00000000ed800000, 0x00000000ed800000|100%| E|CS|TAMS 0x00000000ed700000, 0x00000000ed700000| Complete 
| 216|0x00000000ed800000, 0x00000000ed900000, 0x00000000ed900000|100%| E|CS|TAMS 0x00000000ed800000, 0x00000000ed800000| Complete 
| 217|0x00000000ed900000, 0x00000000eda00000, 0x00000000eda00000|100%| E|CS|TAMS 0x00000000ed900000, 0x00000000ed900000| Complete 
| 218|0x00000000eda00000, 0x00000000edb00000, 0x00000000edb00000|100%| E|CS|TAMS 0x00000000eda00000, 0x00000000eda00000| Complete 
| 219|0x00000000edb00000, 0x00000000edc00000, 0x00000000edc00000|100%| E|CS|TAMS 0x00000000edb00000, 0x00000000edb00000| Complete 
| 220|0x00000000edc00000, 0x00000000edd00000, 0x00000000edd00000|100%| E|CS|TAMS 0x00000000edc00000, 0x00000000edc00000| Complete 
| 221|0x00000000edd00000, 0x00000000ede00000, 0x00000000ede00000|100%| E|CS|TAMS 0x00000000edd00000, 0x00000000edd00000| Complete 
| 222|0x00000000ede00000, 0x00000000edf00000, 0x00000000edf00000|100%| E|CS|TAMS 0x00000000ede00000, 0x00000000ede00000| Complete 
| 223|0x00000000edf00000, 0x00000000ee000000, 0x00000000ee000000|100%| E|CS|TAMS 0x00000000edf00000, 0x00000000edf00000| Complete 
| 224|0x00000000ee000000, 0x00000000ee100000, 0x00000000ee100000|100%| E|CS|TAMS 0x00000000ee000000, 0x00000000ee000000| Complete 
| 225|0x00000000ee100000, 0x00000000ee200000, 0x00000000ee200000|100%| E|CS|TAMS 0x00000000ee100000, 0x00000000ee100000| Complete 
| 226|0x00000000ee200000, 0x00000000ee300000, 0x00000000ee300000|100%| E|CS|TAMS 0x00000000ee200000, 0x00000000ee200000| Complete 
| 227|0x00000000ee300000, 0x00000000ee400000, 0x00000000ee400000|100%| E|CS|TAMS 0x00000000ee300000, 0x00000000ee300000| Complete 
| 228|0x00000000ee400000, 0x00000000ee500000, 0x00000000ee500000|100%| E|CS|TAMS 0x00000000ee400000, 0x00000000ee400000| Complete 
| 229|0x00000000ee500000, 0x00000000ee600000, 0x00000000ee600000|100%| E|CS|TAMS 0x00000000ee500000, 0x00000000ee500000| Complete 
| 230|0x00000000ee600000, 0x00000000ee700000, 0x00000000ee700000|100%| E|CS|TAMS 0x00000000ee600000, 0x00000000ee600000| Complete 
| 231|0x00000000ee700000, 0x00000000ee800000, 0x00000000ee800000|100%| E|CS|TAMS 0x00000000ee700000, 0x00000000ee700000| Complete 
| 232|0x00000000ee800000, 0x00000000ee900000, 0x00000000ee900000|100%| E|CS|TAMS 0x00000000ee800000, 0x00000000ee800000| Complete 
| 233|0x00000000ee900000, 0x00000000eea00000, 0x00000000eea00000|100%| E|CS|TAMS 0x00000000ee900000, 0x00000000ee900000| Complete 
| 234|0x00000000eea00000, 0x00000000eeb00000, 0x00000000eeb00000|100%| E|CS|TAMS 0x00000000eea00000, 0x00000000eea00000| Complete 
| 235|0x00000000eeb00000, 0x00000000eec00000, 0x00000000eec00000|100%| E|CS|TAMS 0x00000000eeb00000, 0x00000000eeb00000| Complete 
| 236|0x00000000eec00000, 0x00000000eed00000, 0x00000000eed00000|100%| E|CS|TAMS 0x00000000eec00000, 0x00000000eec00000| Complete 
| 237|0x00000000eed00000, 0x00000000eee00000, 0x00000000eee00000|100%| E|CS|TAMS 0x00000000eed00000, 0x00000000eed00000| Complete 
| 238|0x00000000eee00000, 0x00000000eef00000, 0x00000000eef00000|100%| E|CS|TAMS 0x00000000eee00000, 0x00000000eee00000| Complete 
| 239|0x00000000eef00000, 0x00000000ef000000, 0x00000000ef000000|100%| E|CS|TAMS 0x00000000eef00000, 0x00000000eef00000| Complete 
| 240|0x00000000ef000000, 0x00000000ef100000, 0x00000000ef100000|100%| E|CS|TAMS 0x00000000ef000000, 0x00000000ef000000| Complete 
| 241|0x00000000ef100000, 0x00000000ef200000, 0x00000000ef200000|100%| E|CS|TAMS 0x00000000ef100000, 0x00000000ef100000| Complete 
| 242|0x00000000ef200000, 0x00000000ef300000, 0x00000000ef300000|100%| E|CS|TAMS 0x00000000ef200000, 0x00000000ef200000| Complete 
| 243|0x00000000ef300000, 0x00000000ef400000, 0x00000000ef400000|100%| E|CS|TAMS 0x00000000ef300000, 0x00000000ef300000| Complete 
| 244|0x00000000ef400000, 0x00000000ef500000, 0x00000000ef500000|100%| E|CS|TAMS 0x00000000ef400000, 0x00000000ef400000| Complete 
| 245|0x00000000ef500000, 0x00000000ef600000, 0x00000000ef600000|100%| E|CS|TAMS 0x00000000ef500000, 0x00000000ef500000| Complete 
| 246|0x00000000ef600000, 0x00000000ef700000, 0x00000000ef700000|100%| E|CS|TAMS 0x00000000ef600000, 0x00000000ef600000| Complete 
| 247|0x00000000ef700000, 0x00000000ef800000, 0x00000000ef800000|100%| E|CS|TAMS 0x00000000ef700000, 0x00000000ef700000| Complete 
| 248|0x00000000ef800000, 0x00000000ef900000, 0x00000000ef900000|100%| E|CS|TAMS 0x00000000ef800000, 0x00000000ef800000| Complete 
| 249|0x00000000ef900000, 0x00000000efa00000, 0x00000000efa00000|100%| E|CS|TAMS 0x00000000ef900000, 0x00000000ef900000| Complete 
| 250|0x00000000efa00000, 0x00000000efa90298, 0x00000000efb00000| 56%| S|CS|TAMS 0x00000000efa00000, 0x00000000efa00000| Complete 
| 251|0x00000000efb00000, 0x00000000efc00000, 0x00000000efc00000|100%| E|CS|TAMS 0x00000000efb00000, 0x00000000efb00000| Complete 
| 252|0x00000000efc00000, 0x00000000efd00000, 0x00000000efd00000|100%| E|CS|TAMS 0x00000000efc00000, 0x00000000efc00000| Complete 
| 253|0x00000000efd00000, 0x00000000efe00000, 0x00000000efe00000|100%| E|CS|TAMS 0x00000000efd00000, 0x00000000efd00000| Complete 
| 254|0x00000000efe00000, 0x00000000eff00000, 0x00000000eff00000|100%| E|CS|TAMS 0x00000000efe00000, 0x00000000efe00000| Complete 
| 255|0x00000000eff00000, 0x00000000f0000000, 0x00000000f0000000|100%| E|  |TAMS 0x00000000eff00000, 0x00000000eff00000| Complete 

Card table byte_map: [0x0000018f7b520000,0x0000018f7b620000] _byte_map_base: 0x0000018f7ae20000

Marking Bits (Prev, Next): (CMBitMap*) 0x0000018f646042c0, (CMBitMap*) 0x0000018f64604300
 Prev Bits: [0x0000018f7b720000, 0x0000018f7bf20000)
 Next Bits: [0x0000018f7bf20000, 0x0000018f7c720000)

Polling page: 0x0000018f62320000

Metaspace:

Usage:
  Non-class:     42.08 MB used.
      Class:      6.74 MB used.
       Both:     48.82 MB used.

Virtual space:
  Non-class space:       64.00 MB reserved,      42.38 MB ( 66%) committed,  1 nodes.
      Class space:      320.00 MB reserved,       6.94 MB (  2%) committed,  1 nodes.
             Both:      384.00 MB reserved,      49.31 MB ( 13%) committed. 

Chunk freelists:
   Non-Class:  5.59 MB
       Class:  9.06 MB
        Both:  14.66 MB

MaxMetaspaceSize: 384.00 MB
CompressedClassSpaceSize: 320.00 MB
Initial GC threshold: 21.00 MB
Current GC threshold: 60.56 MB
CDS: on
MetaspaceReclaimPolicy: balanced
 - commit_granule_bytes: 65536.
 - commit_granule_words: 8192.
 - virtual_space_node_default_size: 8388608.
 - enlarge_chunks_in_place: 1.
 - new_chunks_are_fully_committed: 0.
 - uncommit_free_chunks: 1.
 - use_allocation_guard: 0.
 - handle_deallocations: 1.


Internal statistics:

num_allocs_failed_limit: 15.
num_arena_births: 510.
num_arena_deaths: 0.
num_vsnodes_births: 2.
num_vsnodes_deaths: 0.
num_space_committed: 789.
num_space_uncommitted: 0.
num_chunks_returned_to_freelist: 15.
num_chunks_taken_from_freelist: 2206.
num_chunk_merges: 15.
num_chunk_splits: 1499.
num_chunks_enlarged: 1041.
num_inconsistent_stats: 0.

CodeHeap 'non-profiled nmethods': size=120000Kb used=2480Kb max_used=3099Kb free=117519Kb
 bounds [0x0000018f73bb0000, 0x0000018f73ec0000, 0x0000018f7b0e0000]
CodeHeap 'profiled nmethods': size=120000Kb used=8939Kb max_used=9636Kb free=111061Kb
 bounds [0x0000018f6c0e0000, 0x0000018f6ca50000, 0x0000018f73610000]
CodeHeap 'non-nmethods': size=5760Kb used=2380Kb max_used=2416Kb free=3379Kb
 bounds [0x0000018f73610000, 0x0000018f73880000, 0x0000018f73bb0000]
 total_blobs=5482 nmethods=4595 adapters=798
 compilation: enabled
              stopped_count=0, restarted_count=0
 full_count=0

Compilation events (20 events):
Event: 8.614 Thread 0x0000018f7f194710 5308       3       java.util.IdentityHashMap::hash (18 bytes)
Event: 8.614 Thread 0x0000018f7f194710 nmethod 5308 0x0000018f6c68ea90 code [0x0000018f6c68ec20, 0x0000018f6c68ed48]
Event: 8.619 Thread 0x0000018f19c25d60 nmethod 5215 0x0000018f73d84d10 code [0x0000018f73d84f80, 0x0000018f73d885a0]
Event: 8.620 Thread 0x0000018f19c25d60 5304       4       org.objectweb.asm.Label::resolve (219 bytes)
Event: 8.623 Thread 0x0000018f7f194710 5309       3       java.util.concurrent.locks.AbstractQueuedSynchronizer$ConditionNode::isReleasable (23 bytes)
Event: 8.623 Thread 0x0000018f7f194710 nmethod 5309 0x0000018f6c68e590 code [0x0000018f6c68e720, 0x0000018f6c68e998]
Event: 8.624 Thread 0x0000018f7f194710 5310       3       java.lang.invoke.LambdaForm$MH/0x0000018f0102b400::invoke (25 bytes)
Event: 8.624 Thread 0x0000018f7f194710 nmethod 5310 0x0000018f6c68dd90 code [0x0000018f6c68df60, 0x0000018f6c68e458]
Event: 8.624 Thread 0x0000018f7f194710 5311       3       java.util.logging.LogManager::getProperty (9 bytes)
Event: 8.624 Thread 0x0000018f7f194710 nmethod 5311 0x0000018f6c68d910 code [0x0000018f6c68dac0, 0x0000018f6c68dc88]
Event: 8.625 Thread 0x0000018f19c25d60 nmethod 5304 0x0000018f73d84690 code [0x0000018f73d84820, 0x0000018f73d84ad8]
Event: 8.625 Thread 0x0000018f19c25d60 5305       4       org.gradle.model.internal.asm.MethodVisitorScope::_ALOAD (8 bytes)
Event: 8.630 Thread 0x0000018f19c25d60 nmethod 5305 0x0000018f73c00d10 code [0x0000018f73c00ec0, 0x0000018f73c01288]
Event: 8.630 Thread 0x0000018f19c25d60 5306       4       org.objectweb.asm.Frame::merge (322 bytes)
Event: 8.632 Thread 0x0000018f19c25d60 nmethod 5306 0x0000018f73d83e10 code [0x0000018f73d83fa0, 0x0000018f73d841e8]
Event: 8.632 Thread 0x0000018f7f194710 5312       3       java.lang.reflect.Modifier::isVolatile (13 bytes)
Event: 8.632 Thread 0x0000018f7f194710 nmethod 5312 0x0000018f6c68d590 code [0x0000018f6c68d720, 0x0000018f6c68d878]
Event: 8.632 Thread 0x0000018f7f194710 5313       3       jdk.internal.misc.Unsafe::ensureClassInitialized (18 bytes)
Event: 8.632 Thread 0x0000018f7f194710 nmethod 5313 0x0000018f6c68d090 code [0x0000018f6c68d240, 0x0000018f6c68d478]
Event: 8.633 Thread 0x0000018f7f194710 5314       3       sun.reflect.generics.repository.ConstructorRepository::computeParameterTypes (62 bytes)

GC Heap History (12 events):
Event: 0.812 GC heap before
{Heap before GC invocations=0 (full 0):
 garbage-first heap   total 262144K, used 26624K [0x00000000e0000000, 0x0000000100000000)
  region size 1024K, 23 young (23552K), 0 survivors (0K)
 Metaspace       used 3062K, committed 3200K, reserved 393216K
  class space    used 392K, committed 448K, reserved 327680K
}
Event: 0.817 GC heap after
{Heap after GC invocations=1 (full 0):
 garbage-first heap   total 262144K, used 10629K [0x00000000e0000000, 0x0000000100000000)
  region size 1024K, 3 young (3072K), 3 survivors (3072K)
 Metaspace       used 3062K, committed 3200K, reserved 393216K
  class space    used 392K, committed 448K, reserved 327680K
}
Event: 1.498 GC heap before
{Heap before GC invocations=1 (full 0):
 garbage-first heap   total 262144K, used 39301K [0x00000000e0000000, 0x0000000100000000)
  region size 1024K, 31 young (31744K), 3 survivors (3072K)
 Metaspace       used 4024K, committed 4224K, reserved 393216K
  class space    used 491K, committed 576K, reserved 327680K
}
Event: 1.502 GC heap after
{Heap after GC invocations=2 (full 0):
 garbage-first heap   total 262144K, used 13198K [0x00000000e0000000, 0x0000000100000000)
  region size 1024K, 3 young (3072K), 3 survivors (3072K)
 Metaspace       used 4024K, committed 4224K, reserved 393216K
  class space    used 491K, committed 576K, reserved 327680K
}
Event: 4.516 GC heap before
{Heap before GC invocations=2 (full 0):
 garbage-first heap   total 262144K, used 130958K [0x00000000e0000000, 0x0000000100000000)
  region size 1024K, 118 young (120832K), 3 survivors (3072K)
 Metaspace       used 21174K, committed 21504K, reserved 393216K
  class space    used 3160K, committed 3328K, reserved 327680K
}
Event: 4.529 GC heap after
{Heap after GC invocations=3 (full 0):
 garbage-first heap   total 262144K, used 22813K [0x00000000e0000000, 0x0000000100000000)
  region size 1024K, 12 young (12288K), 12 survivors (12288K)
 Metaspace       used 21174K, committed 21504K, reserved 393216K
  class space    used 3160K, committed 3328K, reserved 327680K
}
Event: 6.510 GC heap before
{Heap before GC invocations=4 (full 0):
 garbage-first heap   total 262144K, used 140573K [0x00000000e0000000, 0x0000000100000000)
  region size 1024K, 124 young (126976K), 12 survivors (12288K)
 Metaspace       used 35753K, committed 36096K, reserved 393216K
  class space    used 5021K, committed 5184K, reserved 327680K
}
Event: 6.525 GC heap after
{Heap after GC invocations=5 (full 0):
 garbage-first heap   total 262144K, used 31530K [0x00000000e0000000, 0x0000000100000000)
  region size 1024K, 19 young (19456K), 19 survivors (19456K)
 Metaspace       used 35753K, committed 36096K, reserved 393216K
  class space    used 5021K, committed 5184K, reserved 327680K
}
Event: 6.539 GC heap before
{Heap before GC invocations=5 (full 0):
 garbage-first heap   total 262144K, used 31530K [0x00000000e0000000, 0x0000000100000000)
  region size 1024K, 20 young (20480K), 19 survivors (19456K)
 Metaspace       used 35869K, committed 36224K, reserved 393216K
  class space    used 5032K, committed 5184K, reserved 327680K
}
Event: 6.551 GC heap after
{Heap after GC invocations=6 (full 0):
 garbage-first heap   total 262144K, used 32852K [0x00000000e0000000, 0x0000000100000000)
  region size 1024K, 3 young (3072K), 3 survivors (3072K)
 Metaspace       used 35869K, committed 36224K, reserved 393216K
  class space    used 5032K, committed 5184K, reserved 327680K
}
Event: 6.569 GC heap before
{Heap before GC invocations=6 (full 0):
 garbage-first heap   total 262144K, used 33876K [0x00000000e0000000, 0x0000000100000000)
  region size 1024K, 5 young (5120K), 3 survivors (3072K)
 Metaspace       used 36105K, committed 36416K, reserved 393216K
  class space    used 5050K, committed 5184K, reserved 327680K
}
Event: 6.571 GC heap after
{Heap after GC invocations=7 (full 0):
 garbage-first heap   total 262144K, used 31023K [0x00000000e0000000, 0x0000000100000000)
  region size 1024K, 1 young (1024K), 1 survivors (1024K)
 Metaspace       used 36105K, committed 36416K, reserved 393216K
  class space    used 5050K, committed 5184K, reserved 327680K
}

Dll operation events (14 events):
Event: 0.021 Loaded shared library C:\Users\WooHeeSeop\.jdks\corretto-17.0.9\bin\java.dll
Event: 0.053 Loaded shared library C:\Users\WooHeeSeop\.jdks\corretto-17.0.9\bin\jsvml.dll
Event: 0.130 Loaded shared library C:\Users\WooHeeSeop\.jdks\corretto-17.0.9\bin\zip.dll
Event: 0.133 Loaded shared library C:\Users\WooHeeSeop\.jdks\corretto-17.0.9\bin\instrument.dll
Event: 0.138 Loaded shared library C:\Users\WooHeeSeop\.jdks\corretto-17.0.9\bin\net.dll
Event: 0.141 Loaded shared library C:\Users\WooHeeSeop\.jdks\corretto-17.0.9\bin\nio.dll
Event: 0.146 Loaded shared library C:\Users\WooHeeSeop\.jdks\corretto-17.0.9\bin\zip.dll
Event: 0.428 Loaded shared library C:\Users\WooHeeSeop\.jdks\corretto-17.0.9\bin\jimage.dll
Event: 0.504 Loaded shared library C:\Users\WooHeeSeop\.jdks\corretto-17.0.9\bin\verify.dll
Event: 0.697 Loaded shared library C:\Users\WooHeeSeop\.gradle\native\68d5fa5c4cc2d200863cafc0d521ce42e7d3e7ee720ec0a83991735586a16f82\windows-amd64\native-platform.dll
Event: 0.704 Loaded shared library C:\Users\WooHeeSeop\.gradle\native\e376f236ea51e6404a007f0833ffe2c6e607c4080706a723a18a27aeea778392\windows-amd64\native-platform-file-events.dll
Event: 1.847 Loaded shared library C:\Users\WooHeeSeop\.jdks\corretto-17.0.9\bin\management.dll
Event: 1.850 Loaded shared library C:\Users\WooHeeSeop\.jdks\corretto-17.0.9\bin\management_ext.dll
Event: 2.718 Loaded shared library C:\Users\WooHeeSeop\.jdks\corretto-17.0.9\bin\sunmscapi.dll

Deoptimization events (20 events):
Event: 8.606 Thread 0x0000018f19f03210 Uncommon trap: trap_request=0xffffffcc fr.pc=0x0000018f73c019b8 relative=0x0000000000000218
Event: 8.606 Thread 0x0000018f19f03210 Uncommon trap: reason=intrinsic_or_type_checked_inlining action=make_not_entrant pc=0x0000018f73c019b8 method=java.util.ArrayList.toArray([Ljava/lang/Object;)[Ljava/lang/Object; @ 36 c2
Event: 8.606 Thread 0x0000018f19f03210 DEOPT PACKING pc=0x0000018f73c019b8 sp=0x00000038152f72d0
Event: 8.606 Thread 0x0000018f19f03210 DEOPT UNPACKING pc=0x0000018f7366a1a3 sp=0x00000038152f7270 mode 2
Event: 8.631 Thread 0x0000018f19f03210 Uncommon trap: trap_request=0xffffffde fr.pc=0x0000018f73be015c relative=0x000000000000015c
Event: 8.631 Thread 0x0000018f19f03210 Uncommon trap: reason=class_check action=maybe_recompile pc=0x0000018f73be015c method=java.lang.reflect.Array.newInstance(Ljava/lang/Class;I)Ljava/lang/Object; @ 2 c2
Event: 8.631 Thread 0x0000018f19f03210 DEOPT PACKING pc=0x0000018f73be015c sp=0x00000038152f4160
Event: 8.631 Thread 0x0000018f19f03210 DEOPT UNPACKING pc=0x0000018f7366a1a3 sp=0x00000038152f40f8 mode 2
Event: 8.632 Thread 0x0000018f19f03210 Uncommon trap: trap_request=0xffffffde fr.pc=0x0000018f73be015c relative=0x000000000000015c
Event: 8.632 Thread 0x0000018f19f03210 Uncommon trap: reason=class_check action=maybe_recompile pc=0x0000018f73be015c method=java.lang.reflect.Array.newInstance(Ljava/lang/Class;I)Ljava/lang/Object; @ 2 c2
Event: 8.632 Thread 0x0000018f19f03210 DEOPT PACKING pc=0x0000018f73be015c sp=0x00000038152f4160
Event: 8.632 Thread 0x0000018f19f03210 DEOPT UNPACKING pc=0x0000018f7366a1a3 sp=0x00000038152f40f8 mode 2
Event: 8.632 Thread 0x0000018f19f03210 Uncommon trap: trap_request=0xffffffde fr.pc=0x0000018f73be015c relative=0x000000000000015c
Event: 8.632 Thread 0x0000018f19f03210 Uncommon trap: reason=class_check action=maybe_recompile pc=0x0000018f73be015c method=java.lang.reflect.Array.newInstance(Ljava/lang/Class;I)Ljava/lang/Object; @ 2 c2
Event: 8.632 Thread 0x0000018f19f03210 DEOPT PACKING pc=0x0000018f73be015c sp=0x00000038152f4160
Event: 8.632 Thread 0x0000018f19f03210 DEOPT UNPACKING pc=0x0000018f7366a1a3 sp=0x00000038152f40f8 mode 2
Event: 8.632 Thread 0x0000018f19f03210 Uncommon trap: trap_request=0xffffffde fr.pc=0x0000018f73be015c relative=0x000000000000015c
Event: 8.632 Thread 0x0000018f19f03210 Uncommon trap: reason=class_check action=maybe_recompile pc=0x0000018f73be015c method=java.lang.reflect.Array.newInstance(Ljava/lang/Class;I)Ljava/lang/Object; @ 2 c2
Event: 8.632 Thread 0x0000018f19f03210 DEOPT PACKING pc=0x0000018f73be015c sp=0x00000038152f4160
Event: 8.632 Thread 0x0000018f19f03210 DEOPT UNPACKING pc=0x0000018f7366a1a3 sp=0x00000038152f40f8 mode 2

Classes unloaded (0 events):
No events

Classes redefined (0 events):
No events

Internal exceptions (20 events):
Event: 7.153 Thread 0x0000018f19f03210 Exception <a 'java/lang/NoSuchMethodError'{0x00000000eda456b0}: 'void java.lang.invoke.DirectMethodHandle$Holder.invokeStatic(java.lang.Object, java.lang.Object, java.lang.Object, int, java.lang.Object)'> (0x00000000eda456b0) 
thrown [s\src\hotspot\share\interpreter\linkResolver.cpp, line 759]
Event: 7.189 Thread 0x0000018f19f03210 Implicit null exception at 0x0000018f73caddf2 to 0x0000018f73cae44c
Event: 7.243 Thread 0x0000018f19f03210 Exception <a 'sun/nio/fs/WindowsException'{0x00000000ed6b3a28}> (0x00000000ed6b3a28) 
thrown [s\src\hotspot\share\prims\jni.cpp, line 516]
Event: 7.881 Thread 0x0000018f19f03210 Exception <a 'java/lang/ClassNotFoundException'{0x00000000ec055b58}: sun/misc/SharedSecrets> (0x00000000ec055b58) 
thrown [s\src\hotspot\share\classfile\systemDictionary.cpp, line 256]
Event: 8.284 Thread 0x0000018f19f03210 Exception <a 'java/lang/NoSuchMethodError'{0x00000000ebce7528}: 'java.lang.Object java.lang.invoke.DelegatingMethodHandle$Holder.reinvoke_L(java.lang.Object, java.lang.Object, java.lang.Object, java.lang.Object, java.lang.Object, java.lang.Object, java.lang.Object, java.lang.Object, java.lang.Object, java.lang.Object, java.lang.Object, java.lang.Object, java.lang.Object, java.lang.Object, java.lang.Object, java.lang.Object, java.lang.Object, java.lang.Object, java.lang.Object, java.lang.Object, java.lang.O
Event: 8.285 Thread 0x0000018f19f03210 Exception <a 'java/lang/NoSuchMethodError'{0x00000000ebcf3638}: 'java.lang.Object java.lang.invoke.DirectMethodHandle$Holder.invokeSpecial(java.lang.Object, java.lang.Object, java.lang.Object, java.lang.Object, java.lang.Object, java.lang.Object, java.lang.Object, java.lang.Object, java.lang.Object, java.lang.Object, java.lang.Object, java.lang.Object, java.lang.Object, java.lang.Object, java.lang.Object, java.lang.Object, java.lang.Object, java.lang.Object, java.lang.Object, java.lang.Object, java.lang.Ob
Event: 8.286 Thread 0x0000018f19f03210 Exception <a 'java/lang/NoSuchMethodError'{0x00000000ebcf9528}: 'java.lang.Object java.lang.invoke.Invokers$Holder.invoker(java.lang.Object, java.lang.Object, java.lang.Object, java.lang.Object, java.lang.Object, java.lang.Object, java.lang.Object, java.lang.Object, java.lang.Object, java.lang.Object, java.lang.Object, java.lang.Object, java.lang.Object, java.lang.Object, java.lang.Object, java.lang.Object, java.lang.Object, java.lang.Object, java.lang.Object, java.lang.Object, java.lang.Object)'> (0x00000
Event: 8.286 Thread 0x0000018f19f03210 Exception <a 'java/lang/NoSuchMethodError'{0x00000000ebb00ef8}: 'java.lang.Object java.lang.invoke.DelegatingMethodHandle$Holder.delegate(java.lang.Object, java.lang.Object, java.lang.Object, java.lang.Object, java.lang.Object, java.lang.Object, java.lang.Object, java.lang.Object, java.lang.Object, java.lang.Object, java.lang.Object, java.lang.Object, java.lang.Object, java.lang.Object, java.lang.Object, java.lang.Object, java.lang.Object, java.lang.Object, java.lang.Object, java.lang.Object, java.lang.Obj
Event: 8.291 Thread 0x0000018f19f03210 Exception <a 'java/lang/NoSuchMethodError'{0x00000000ebb79bc0}: 'java.lang.Object java.lang.invoke.DirectMethodHandle$Holder.invokeStatic(java.lang.Object, java.lang.Object, java.lang.Object, java.lang.Object, java.lang.Object, java.lang.Object, java.lang.Object, java.lang.Object, java.lang.Object, java.lang.Object, java.lang.Object, java.lang.Object, java.lang.Object, java.lang.Object, java.lang.Object, java.lang.Object, java.lang.Object)'> (0x00000000ebb79bc0) 
thrown [s\src\hotspot\share\interpreter\lin
Event: 8.293 Thread 0x0000018f19f03210 Exception <a 'java/lang/NoSuchMethodError'{0x00000000ebba3558}: 'java.lang.Object java.lang.invoke.DirectMethodHandle$Holder.invokeStatic(java.lang.Object, java.lang.Object, java.lang.Object, java.lang.Object, java.lang.Object, java.lang.Object, java.lang.Object, java.lang.Object, java.lang.Object, java.lang.Object, java.lang.Object, java.lang.Object, java.lang.Object, java.lang.Object, java.lang.Object, java.lang.Object, java.lang.Object, java.lang.Object)'> (0x00000000ebba3558) 
thrown [s\src\hotspot\sha
Event: 8.295 Thread 0x0000018f19f03210 Exception <a 'java/lang/NoSuchMethodError'{0x00000000ebbcd798}: 'java.lang.Object java.lang.invoke.DirectMethodHandle$Holder.invokeStatic(java.lang.Object, java.lang.Object, java.lang.Object, java.lang.Object, java.lang.Object, java.lang.Object, java.lang.Object, java.lang.Object, java.lang.Object, java.lang.Object, java.lang.Object, java.lang.Object, java.lang.Object, java.lang.Object, java.lang.Object, java.lang.Object, java.lang.Object, java.lang.Object, java.lang.Object)'> (0x00000000ebbcd798) 
thrown 
Event: 8.297 Thread 0x0000018f19f03210 Exception <a 'java/lang/NoSuchMethodError'{0x00000000ebbf8d68}: 'java.lang.Object java.lang.invoke.DirectMethodHandle$Holder.invokeStatic(java.lang.Object, java.lang.Object, java.lang.Object, java.lang.Object, java.lang.Object, java.lang.Object, java.lang.Object, java.lang.Object, java.lang.Object, java.lang.Object, java.lang.Object, java.lang.Object, java.lang.Object, java.lang.Object, java.lang.Object, java.lang.Object, java.lang.Object, java.lang.Object, java.lang.Object, java.lang.Object)'> (0x00000000
Event: 8.299 Thread 0x0000018f19f03210 Exception <a 'java/lang/NoSuchMethodError'{0x00000000eba25900}: 'java.lang.Object java.lang.invoke.DirectMethodHandle$Holder.invokeStatic(java.lang.Object, java.lang.Object, java.lang.Object, java.lang.Object, java.lang.Object, java.lang.Object, java.lang.Object, java.lang.Object, java.lang.Object, java.lang.Object, java.lang.Object, java.lang.Object, java.lang.Object, java.lang.Object, java.lang.Object, java.lang.Object, java.lang.Object, java.lang.Object, java.lang.Object, java.lang.Object, java.lang.Obj
Event: 8.301 Thread 0x0000018f19f03210 Exception <a 'java/lang/NoSuchMethodError'{0x00000000eba52b38}: 'java.lang.Object java.lang.invoke.DirectMethodHandle$Holder.invokeStatic(java.lang.Object, java.lang.Object, java.lang.Object, java.lang.Object, java.lang.Object, java.lang.Object, java.lang.Object, java.lang.Object, java.lang.Object, java.lang.Object, java.lang.Object, java.lang.Object, java.lang.Object, java.lang.Object, java.lang.Object, java.lang.Object, java.lang.Object, java.lang.Object, java.lang.Object, java.lang.Object, java.lang.Obj
Event: 8.304 Thread 0x0000018f19f03210 Exception <a 'java/lang/NoSuchMethodError'{0x00000000eba82f08}: 'java.lang.Object java.lang.invoke.DirectMethodHandle$Holder.invokeStatic(java.lang.Object, java.lang.Object, java.lang.Object, java.lang.Object, java.lang.Object, java.lang.Object, java.lang.Object, java.lang.Object, java.lang.Object, java.lang.Object, java.lang.Object, java.lang.Object, java.lang.Object, java.lang.Object, java.lang.Object, java.lang.Object, java.lang.Object, java.lang.Object, java.lang.Object, java.lang.Object, java.lang.Obj
Event: 8.306 Thread 0x0000018f19f03210 Exception <a 'java/lang/NoSuchMethodError'{0x00000000ebab3558}: 'java.lang.Object java.lang.invoke.DirectMethodHandle$Holder.invokeStatic(java.lang.Object, java.lang.Object, java.lang.Object, java.lang.Object, java.lang.Object, java.lang.Object, java.lang.Object, java.lang.Object, java.lang.Object, java.lang.Object, java.lang.Object, java.lang.Object, java.lang.Object, java.lang.Object, java.lang.Object, java.lang.Object, java.lang.Object, java.lang.Object, java.lang.Object, java.lang.Object, java.lang.Obj
Event: 8.513 Thread 0x0000018f19f03210 Exception <a 'java/lang/NoSuchMethodError'{0x00000000eaade4b8}: 'java.lang.Object java.lang.invoke.DirectMethodHandle$Holder.newInvokeSpecial(java.lang.Object, java.lang.Object, java.lang.Object, java.lang.Object, int)'> (0x00000000eaade4b8) 
thrown [s\src\hotspot\share\interpreter\linkResolver.cpp, line 759]
Event: 8.513 Thread 0x0000018f19f03210 Exception <a 'java/lang/NoSuchMethodError'{0x00000000eaae3ba8}: 'java.lang.Object java.lang.invoke.DirectMethodHandle$Holder.invokeSpecial(java.lang.Object, java.lang.Object, java.lang.Object, java.lang.Object, java.lang.Object, int)'> (0x00000000eaae3ba8) 
thrown [s\src\hotspot\share\interpreter\linkResolver.cpp, line 759]
Event: 8.513 Thread 0x0000018f19f03210 Exception <a 'java/lang/NoSuchMethodError'{0x00000000eaae8bd0}: 'java.lang.Object java.lang.invoke.Invokers$Holder.linkToTargetMethod(java.lang.Object, java.lang.Object, java.lang.Object, int, java.lang.Object)'> (0x00000000eaae8bd0) 
thrown [s\src\hotspot\share\interpreter\linkResolver.cpp, line 759]
Event: 8.625 Thread 0x0000018f19f03210 Exception <a 'java/lang/IncompatibleClassChangeError'{0x00000000ea351330}: Found class java.lang.Object, but interface was expected> (0x00000000ea351330) 
thrown [s\src\hotspot\share\interpreter\linkResolver.cpp, line 826]

VM Operations (20 events):
Event: 7.245 Executing VM operation: HandshakeAllThreads
Event: 7.245 Executing VM operation: HandshakeAllThreads done
Event: 7.250 Executing VM operation: HandshakeAllThreads
Event: 7.250 Executing VM operation: HandshakeAllThreads done
Event: 7.251 Executing VM operation: HandshakeAllThreads
Event: 7.251 Executing VM operation: HandshakeAllThreads done
Event: 7.296 Executing VM operation: HandshakeAllThreads
Event: 7.296 Executing VM operation: HandshakeAllThreads done
Event: 7.360 Executing VM operation: ICBufferFull
Event: 7.360 Executing VM operation: ICBufferFull done
Event: 7.477 Executing VM operation: HandshakeAllThreads
Event: 7.477 Executing VM operation: HandshakeAllThreads done
Event: 7.598 Executing VM operation: HandshakeAllThreads
Event: 7.598 Executing VM operation: HandshakeAllThreads done
Event: 7.607 Executing VM operation: HandshakeAllThreads
Event: 7.607 Executing VM operation: HandshakeAllThreads done
Event: 7.617 Executing VM operation: HandshakeAllThreads
Event: 7.617 Executing VM operation: HandshakeAllThreads done
Event: 8.346 Executing VM operation: ICBufferFull
Event: 8.346 Executing VM operation: ICBufferFull done

Events (20 events):
Event: 8.631 loading class javax/management/openmbean/TabularData done
Event: 8.631 loading class com/sun/jmx/mbeanserver/DefaultMXBeanMappingFactory$IdentityMapping
Event: 8.631 loading class com/sun/jmx/mbeanserver/DefaultMXBeanMappingFactory$NonNullMXBeanMapping
Event: 8.631 loading class com/sun/jmx/mbeanserver/MXBeanMapping
Event: 8.631 loading class com/sun/jmx/mbeanserver/MXBeanMapping done
Event: 8.631 loading class com/sun/jmx/mbeanserver/DefaultMXBeanMappingFactory$NonNullMXBeanMapping done
Event: 8.631 loading class com/sun/jmx/mbeanserver/DefaultMXBeanMappingFactory$IdentityMapping done
Event: 8.631 loading class javax/management/openmbean/ArrayType
Event: 8.632 loading class javax/management/openmbean/ArrayType done
Event: 8.632 loading class com/sun/jmx/mbeanserver/MBeanAnalyzer$AttrMethods
Event: 8.633 loading class com/sun/jmx/mbeanserver/MBeanAnalyzer$AttrMethods done
Event: 8.633 loading class javax/management/openmbean/CompositeType
Event: 8.633 loading class javax/management/openmbean/CompositeType done
Event: 8.633 loading class javax/management/openmbean/TabularType
Event: 8.633 loading class javax/management/openmbean/TabularType done
Event: 8.633 loading class com/sun/jmx/mbeanserver/DefaultMXBeanMappingFactory$TabularMapping
Event: 8.633 loading class com/sun/jmx/mbeanserver/DefaultMXBeanMappingFactory$TabularMapping done
Event: 8.633 loading class com/sun/jmx/mbeanserver/DefaultMXBeanMappingFactory$CollectionMapping
Event: 8.634 loading class com/sun/jmx/mbeanserver/DefaultMXBeanMappingFactory$CollectionMapping done
Event: 8.634 loading class com/sun/jmx/mbeanserver/MBeanIntrospector$MBeanInfoMaker


Dynamic libraries:
0x00007ff78c420000 - 0x00007ff78c42e000 	C:\Users\WooHeeSeop\.jdks\corretto-17.0.9\bin\java.exe
0x00007ff8e7d90000 - 0x00007ff8e7fa7000 	C:\WINDOWS\SYSTEM32\ntdll.dll
0x00007ff8e6c50000 - 0x00007ff8e6d14000 	C:\WINDOWS\System32\KERNEL32.DLL
0x00007ff8e5230000 - 0x00007ff8e55d6000 	C:\WINDOWS\System32\KERNELBASE.dll
0x00007ff8e5110000 - 0x00007ff8e5221000 	C:\WINDOWS\System32\ucrtbase.dll
0x00007ff8deec0000 - 0x00007ff8deedb000 	C:\Users\WooHeeSeop\.jdks\corretto-17.0.9\bin\VCRUNTIME140.dll
0x00007ff8d91f0000 - 0x00007ff8d9207000 	C:\Users\WooHeeSeop\.jdks\corretto-17.0.9\bin\jli.dll
0x00007ff8e6940000 - 0x00007ff8e6aed000 	C:\WINDOWS\System32\USER32.dll
0x00007ff8e55e0000 - 0x00007ff8e5606000 	C:\WINDOWS\System32\win32u.dll
0x00007ff8e7ca0000 - 0x00007ff8e7cc9000 	C:\WINDOWS\System32\GDI32.dll
0x00007ff8e5680000 - 0x00007ff8e5798000 	C:\WINDOWS\System32\gdi32full.dll
0x00007ff8cdff0000 - 0x00007ff8ce283000 	C:\WINDOWS\WinSxS\amd64_microsoft.windows.common-controls_6595b64144ccf1df_6.0.22621.2361_none_2712ced57382f843\COMCTL32.dll
0x00007ff8e5860000 - 0x00007ff8e58fa000 	C:\WINDOWS\System32\msvcp_win.dll
0x00007ff8e6db0000 - 0x00007ff8e6e57000 	C:\WINDOWS\System32\msvcrt.dll
0x00007ff8e7b10000 - 0x00007ff8e7b41000 	C:\WINDOWS\System32\IMM32.DLL
0x00007ff8e0430000 - 0x00007ff8e043c000 	C:\Users\WooHeeSeop\.jdks\corretto-17.0.9\bin\vcruntime140_1.dll
0x00007ff8bd2f0000 - 0x00007ff8bd37d000 	C:\Users\WooHeeSeop\.jdks\corretto-17.0.9\bin\msvcp140.dll
0x00007ff85f950000 - 0x00007ff8605b1000 	C:\Users\WooHeeSeop\.jdks\corretto-17.0.9\bin\server\jvm.dll
0x00007ff8e6770000 - 0x00007ff8e6820000 	C:\WINDOWS\System32\ADVAPI32.dll
0x00007ff8e6ba0000 - 0x00007ff8e6c46000 	C:\WINDOWS\System32\sechost.dll
0x00007ff8e6820000 - 0x00007ff8e6937000 	C:\WINDOWS\System32\RPCRT4.dll
0x00007ff8df320000 - 0x00007ff8df354000 	C:\WINDOWS\SYSTEM32\WINMM.dll
0x00007ff8d0480000 - 0x00007ff8d0489000 	C:\WINDOWS\SYSTEM32\WSOCK32.dll
0x00007ff8e63b0000 - 0x00007ff8e6421000 	C:\WINDOWS\System32\WS2_32.dll
0x00007ff8da520000 - 0x00007ff8da52a000 	C:\WINDOWS\SYSTEM32\VERSION.dll
0x00007ff8e4700000 - 0x00007ff8e474d000 	C:\WINDOWS\SYSTEM32\POWRPROF.dll
0x00007ff8e4650000 - 0x00007ff8e4663000 	C:\WINDOWS\SYSTEM32\UMPDC.dll
0x00007ff8e4480000 - 0x00007ff8e4498000 	C:\WINDOWS\SYSTEM32\kernel.appcore.dll
0x00007ff8d96e0000 - 0x00007ff8d96ea000 	C:\Users\WooHeeSeop\.jdks\corretto-17.0.9\bin\jimage.dll
0x00007ff8e2a80000 - 0x00007ff8e2cae000 	C:\WINDOWS\SYSTEM32\DBGHELP.DLL
0x00007ff8e7230000 - 0x00007ff8e75ba000 	C:\WINDOWS\System32\combase.dll
0x00007ff8e6430000 - 0x00007ff8e6507000 	C:\WINDOWS\System32\OLEAUT32.dll
0x00007ff8da7e0000 - 0x00007ff8da812000 	C:\WINDOWS\SYSTEM32\dbgcore.DLL
0x00007ff8e5a70000 - 0x00007ff8e5aea000 	C:\WINDOWS\System32\bcryptPrimitives.dll
0x00007ff8caf70000 - 0x00007ff8caf7e000 	C:\Users\WooHeeSeop\.jdks\corretto-17.0.9\bin\instrument.dll
0x00007ff8d91c0000 - 0x00007ff8d91e5000 	C:\Users\WooHeeSeop\.jdks\corretto-17.0.9\bin\java.dll
0x00007ff8b8610000 - 0x00007ff8b86e7000 	C:\Users\WooHeeSeop\.jdks\corretto-17.0.9\bin\jsvml.dll
0x00007ff8e5af0000 - 0x00007ff8e6348000 	C:\WINDOWS\System32\SHELL32.dll
0x00007ff8e3070000 - 0x00007ff8e3962000 	C:\WINDOWS\SYSTEM32\windows.storage.dll
0x00007ff8e2f30000 - 0x00007ff8e306e000 	C:\WINDOWS\SYSTEM32\wintypes.dll
0x00007ff8e6510000 - 0x00007ff8e6603000 	C:\WINDOWS\System32\SHCORE.dll
0x00007ff8e7620000 - 0x00007ff8e767e000 	C:\WINDOWS\System32\shlwapi.dll
0x00007ff8e5040000 - 0x00007ff8e5066000 	C:\WINDOWS\SYSTEM32\profapi.dll
0x00007ff8cbc30000 - 0x00007ff8cbc48000 	C:\Users\WooHeeSeop\.jdks\corretto-17.0.9\bin\zip.dll
0x00007ff8d1150000 - 0x00007ff8d1169000 	C:\Users\WooHeeSeop\.jdks\corretto-17.0.9\bin\net.dll
0x00007ff8e0f70000 - 0x00007ff8e10a7000 	C:\WINDOWS\SYSTEM32\WINHTTP.dll
0x00007ff8e4670000 - 0x00007ff8e46d9000 	C:\WINDOWS\system32\mswsock.dll
0x00007ff8d1130000 - 0x00007ff8d1146000 	C:\Users\WooHeeSeop\.jdks\corretto-17.0.9\bin\nio.dll
0x00007ff8d91b0000 - 0x00007ff8d91c0000 	C:\Users\WooHeeSeop\.jdks\corretto-17.0.9\bin\verify.dll
0x00007ff8c7fe0000 - 0x00007ff8c8007000 	C:\Users\WooHeeSeop\.gradle\native\68d5fa5c4cc2d200863cafc0d521ce42e7d3e7ee720ec0a83991735586a16f82\windows-amd64\native-platform.dll
0x00007ff8aa8b0000 - 0x00007ff8aa9f4000 	C:\Users\WooHeeSeop\.gradle\native\e376f236ea51e6404a007f0833ffe2c6e607c4080706a723a18a27aeea778392\windows-amd64\native-platform-file-events.dll
0x00007ff8d0cf0000 - 0x00007ff8d0cf9000 	C:\Users\WooHeeSeop\.jdks\corretto-17.0.9\bin\management.dll
0x00007ff8caf60000 - 0x00007ff8caf6b000 	C:\Users\WooHeeSeop\.jdks\corretto-17.0.9\bin\management_ext.dll
0x00007ff8e6370000 - 0x00007ff8e6378000 	C:\WINDOWS\System32\PSAPI.DLL
0x00007ff8e4910000 - 0x00007ff8e492b000 	C:\WINDOWS\SYSTEM32\CRYPTSP.dll
0x00007ff8e4120000 - 0x00007ff8e4155000 	C:\WINDOWS\system32\rsaenh.dll
0x00007ff8e47b0000 - 0x00007ff8e47dc000 	C:\WINDOWS\SYSTEM32\USERENV.dll
0x00007ff8e4ab0000 - 0x00007ff8e4ad8000 	C:\WINDOWS\SYSTEM32\bcrypt.dll
0x00007ff8e4930000 - 0x00007ff8e493c000 	C:\WINDOWS\SYSTEM32\CRYPTBASE.dll
0x00007ff8e3bd0000 - 0x00007ff8e3bfd000 	C:\WINDOWS\SYSTEM32\IPHLPAPI.DLL
0x00007ff8e63a0000 - 0x00007ff8e63a9000 	C:\WINDOWS\System32\NSI.dll
0x00007ff8df8d0000 - 0x00007ff8df8e9000 	C:\WINDOWS\SYSTEM32\dhcpcsvc6.DLL
0x00007ff8df8b0000 - 0x00007ff8df8cf000 	C:\WINDOWS\SYSTEM32\dhcpcsvc.DLL
0x00007ff8e3c40000 - 0x00007ff8e3d39000 	C:\WINDOWS\SYSTEM32\DNSAPI.dll
0x00007ff8d5f40000 - 0x00007ff8d5f4e000 	C:\Users\WooHeeSeop\.jdks\corretto-17.0.9\bin\sunmscapi.dll
0x00007ff8e5900000 - 0x00007ff8e5a66000 	C:\WINDOWS\System32\CRYPT32.dll
0x00007ff8e4a80000 - 0x00007ff8e4aad000 	C:\WINDOWS\SYSTEM32\ncrypt.dll
0x00007ff8e4a40000 - 0x00007ff8e4a77000 	C:\WINDOWS\SYSTEM32\NTASN1.dll
0x00007ff8da9e0000 - 0x00007ff8da9e8000 	C:\WINDOWS\system32\wshunix.dll
0x00007ff8df550000 - 0x00007ff8df55a000 	C:\Windows\System32\rasadhlp.dll
0x00007ff8de920000 - 0x00007ff8de9a4000 	C:\WINDOWS\System32\fwpuclnt.dll

dbghelp: loaded successfully - version: 4.0.5 - missing functions: none
symbol engine: initialized successfully - sym options: 0x614 - pdb path: .;C:\Users\WooHeeSeop\.jdks\corretto-17.0.9\bin;C:\WINDOWS\SYSTEM32;C:\WINDOWS\WinSxS\amd64_microsoft.windows.common-controls_6595b64144ccf1df_6.0.22621.2361_none_2712ced57382f843;C:\Users\WooHeeSeop\.jdks\corretto-17.0.9\bin\server;C:\Users\WooHeeSeop\.gradle\native\68d5fa5c4cc2d200863cafc0d521ce42e7d3e7ee720ec0a83991735586a16f82\windows-amd64;C:\Users\WooHeeSeop\.gradle\native\e376f236ea51e6404a007f0833ffe2c6e607c4080706a723a18a27aeea778392\windows-amd64

VM Arguments:
jvm_args: --add-opens=java.base/java.util=ALL-UNNAMED --add-opens=java.base/java.lang=ALL-UNNAMED --add-opens=java.base/java.lang.invoke=ALL-UNNAMED --add-opens=java.prefs/java.util.prefs=ALL-UNNAMED --add-opens=java.base/java.nio.charset=ALL-UNNAMED --add-opens=java.base/java.net=ALL-UNNAMED --add-opens=java.base/java.util.concurrent.atomic=ALL-UNNAMED -XX:MaxMetaspaceSize=384m -XX:+HeapDumpOnOutOfMemoryError -Xms256m -Xmx512m -Dfile.encoding=UTF-8 -Duser.country=KR -Duser.language=ko -Duser.variant -javaagent:C:\Users\WooHeeSeop\.gradle\wrapper\dists\gradle-8.3-bin\dxjbbhstwasg8cbags9q7cvli\gradle-8.3\lib\agents\gradle-instrumentation-agent-8.3.jar 
java_command: org.gradle.launcher.daemon.bootstrap.GradleDaemon 8.3
java_class_path (initial): C:\Users\WooHeeSeop\.gradle\wrapper\dists\gradle-8.3-bin\dxjbbhstwasg8cbags9q7cvli\gradle-8.3\lib\gradle-launcher-8.3.jar
Launcher Type: SUN_STANDARD

[Global flags]
     intx CICompilerCount                          = 4                                         {product} {ergonomic}
   size_t CompressedClassSpaceSize                 = 335544320                                 {product} {ergonomic}
     uint ConcGCThreads                            = 2                                         {product} {ergonomic}
     uint G1ConcRefinementThreads                  = 8                                         {product} {ergonomic}
   size_t G1HeapRegionSize                         = 1048576                                   {product} {ergonomic}
    uintx GCDrainStackTargetSize                   = 64                                        {product} {ergonomic}
     bool HeapDumpOnOutOfMemoryError               = true                                   {manageable} {command line}
   size_t InitialHeapSize                          = 268435456                                 {product} {command line}
   size_t MarkStackSize                            = 4194304                                   {product} {ergonomic}
   size_t MaxHeapSize                              = 536870912                                 {product} {command line}
   size_t MaxMetaspaceSize                         = 402653184                                 {product} {command line}
   size_t MaxNewSize                               = 321912832                                 {product} {ergonomic}
   size_t MinHeapDeltaBytes                        = 1048576                                   {product} {ergonomic}
   size_t MinHeapSize                              = 268435456                                 {product} {command line}
    uintx NonNMethodCodeHeapSize                   = 5839372                                {pd product} {ergonomic}
    uintx NonProfiledCodeHeapSize                  = 122909434                              {pd product} {ergonomic}
    uintx ProfiledCodeHeapSize                     = 122909434                              {pd product} {ergonomic}
    uintx ReservedCodeCacheSize                    = 251658240                              {pd product} {ergonomic}
     bool SegmentedCodeCache                       = true                                      {product} {ergonomic}
   size_t SoftMaxHeapSize                          = 536870912                              {manageable} {ergonomic}
     bool UseCompressedClassPointers               = true                           {product lp64_product} {ergonomic}
     bool UseCompressedOops                        = true                           {product lp64_product} {ergonomic}
     bool UseG1GC                                  = true                                      {product} {ergonomic}
     bool UseLargePagesIndividualAllocation        = false                                  {pd product} {ergonomic}

Logging:
Log output configuration:
 #0: stdout all=warning uptime,level,tags
 #1: stderr all=off uptime,level,tags

Environment Variables:
JAVA_HOME=C:\Program Files\Java\jdk1.8.0_341
CLASSPATH=C:\Program Files\Java\jdk1.8.0_341\lib
PATH=C:\Program Files\Java\jdk1.8.0_341bin\;C:\Program Files\Common Files\Oracle\Java\javapath;C:\Program Files (x86)\Common Files\Oracle\Java\javapath;c:\jdk1.8\bin;C:\Program Files (x86)\NAT Service;C:\WINDOWS\system32;C:\WINDOWS;C:\WINDOWS\System32\Wbem;C:\WINDOWS\System32\WindowsPowerShell\v1.0\;C:\WINDOWS\System32\OpenSSH\;C:\Program Files\nodejs\;C:\Program Files\Git\cmd;C:\Program Files\Microsoft SQL Server\150\Tools\Binn\;C:\Program Files\Microsoft SQL Server\Client SDK\ODBC\170\Tools\Binn\;C:\Program Files\dotnet\;C:\Program Files (x86)\Windows Kits\10\Windows Performance Toolkit\;C:\Program Files\Microsoft SQL Server\130\Tools\Binn\;C:\Program Files\PuTTY\;C:\Program Files\PowerShell\7\;C:\Users\WooHeeSeop\AppData\Local\Microsoft\WindowsApps;C:\Users\\AppData\Local\Programs\Microsoft VS Code\bin;C:\Users\\AppData\Roaming\npm;C:\Program Files\JetBrains\IntelliJ IDEA Community Edition 2022.2.1\bin;;C:\Program Files\JetBrains\IntelliJ IDEA 2021.1.3\bin;;;C:\Program Files\JetBrains\PyCharm 2023.2.1\bin;;C:\Users\WooHeeSeop\.dotnet\tools
USERNAME=WooHeeSeop
LANG=KO
OS=Windows_NT
PROCESSOR_IDENTIFIER=Intel64 Family 6 Model 140 Stepping 1, GenuineIntel
TMP=C:\Users\WOOHEE~1\AppData\Local\Temp
TEMP=C:\Users\WOOHEE~1\AppData\Local\Temp



Periodic native trim disabled


---------------  S Y S T E M  ---------------

OS:
 Windows 11 , 64 bit Build 22621 (10.0.22621.2428)
OS uptime: 15 days 4:30 hours

CPU: total 8 (initial active 8) (4 cores per cpu, 2 threads per core) family 6 model 140 stepping 1 microcode 0x8a, cx8, cmov, fxsr, ht, mmx, 3dnowpref, sse, sse2, sse3, ssse3, sse4.1, sse4.2, popcnt, lzcnt, tsc, tscinvbit, avx, avx2, aes, erms, clmul, bmi1, bmi2, adx, avx512f, avx512dq, avx512cd, avx512bw, avx512vl, sha, fma, vzeroupper, avx512_vpopcntdq, avx512_vpclmulqdq, avx512_vaes, avx512_vnni, clflush, clflushopt, clwb, avx512_vbmi2, avx512_vbmi
Processor Information for processor 0
  Max Mhz: 2803, Current Mhz: 1201, Mhz Limit: 2803
Processor Information for processor 1
  Max Mhz: 2803, Current Mhz: 2803, Mhz Limit: 2803
Processor Information for processor 2
  Max Mhz: 2803, Current Mhz: 2803, Mhz Limit: 2803
Processor Information for processor 3
  Max Mhz: 2803, Current Mhz: 1201, Mhz Limit: 2803
Processor Information for processor 4
  Max Mhz: 2803, Current Mhz: 2803, Mhz Limit: 2803
Processor Information for processor 5
  Max Mhz: 2803, Current Mhz: 2803, Mhz Limit: 2803
Processor Information for processor 6
  Max Mhz: 2803, Current Mhz: 2803, Mhz Limit: 2803
Processor Information for processor 7
  Max Mhz: 2803, Current Mhz: 2803, Mhz Limit: 2803

Memory: 4k page, system-wide physical 16108M (1293M free)
TotalPageFile size 45599M (AvailPageFile size 7M)
current process WorkingSet (physical memory assigned to process): 370M, peak: 370M
current process commit charge ("private bytes"): 494M, peak: 495M

vm_info: OpenJDK 64-Bit Server VM (17.0.9+8-LTS) for windows-amd64 JRE (17.0.9+8-LTS), built on Oct 12 2023 16:15:33 by "Administrator" with MS VC++ 16.10 / 16.11 (VS2019)

END.
